[10/07/23 14:08:40] crowsnest: crowsnest - A webcam Service for multiple Cams and Stream Services.
[10/07/23 14:08:40] crowsnest: Version: v4.0.2
[10/07/23 14:08:40] crowsnest: Prepare Startup ...
[10/07/23 14:08:41] crowsnest: INFO: Host information:
[10/07/23 14:08:41] crowsnest: Host Info: Distribution: Raspbian GNU/Linux 11 (bullseye)
[10/07/23 14:08:41] crowsnest: Host Info: Release: MainsailOS release 1.2.1 (bullseye)
[10/07/23 14:08:41] crowsnest: Host Info: Kernel: Linux 6.1.21-v7+ armv7l
[10/07/23 14:08:41] crowsnest: Host Info: Model:  Raspberry Pi Zero 2 W Rev 1.0
[10/07/23 14:08:41] crowsnest: Host Info: Available CPU Cores: 4
[10/07/23 14:08:41] crowsnest: Host Info: Available Memory: 339540 kB
[10/07/23 14:08:41] crowsnest: Host Info: Diskspace (avail. / total): 8.9G / 15G
[10/07/23 14:08:41] crowsnest: INFO: Checking Dependencys
[10/07/23 14:08:41] crowsnest: Dependency: 'crudini' found in /usr/bin/crudini.
[10/07/23 14:08:41] crowsnest: Dependency: 'find' found in /usr/bin/find.
[10/07/23 14:08:41] crowsnest: Dependency: 'xargs' found in /usr/bin/xargs.
[10/07/23 14:08:41] crowsnest: Dependency: 'ustreamer' found in bin/ustreamer/ustreamer.
[10/07/23 14:08:41] crowsnest: Dependency: 'camera-streamer' found in bin/camera-streamer/camera-streamer.
[10/07/23 14:08:41] crowsnest: Version Control: ustreamer is up to date. (v5.43)
[10/07/23 14:08:44] crowsnest: Version Control: camera-streamer is up to date. ((ef8f6a4))
[10/07/23 14:08:44] crowsnest: INFO: Print Configfile: '/home/alchemist/printer_data/config/crowsnest.conf'
[10/07/23 14:08:44] crowsnest:		[crowsnest]
[10/07/23 14:08:44] crowsnest:		log_path: /home/alchemist/printer_data/logs/crowsnest.log
[10/07/23 14:08:44] crowsnest:		log_level: verbose
[10/07/23 14:08:44] crowsnest:		delete_log: false
[10/07/23 14:08:44] crowsnest:		no_proxy: false
[10/07/23 14:08:44] crowsnest:		
[10/07/23 14:08:44] crowsnest:		[cam 1]
[10/07/23 14:08:44] crowsnest:		mode: ustreamer
[10/07/23 14:08:44] crowsnest:		
[10/07/23 14:08:44] crowsnest:		enable_rtsp: false
[10/07/23 14:08:44] crowsnest:		rtsp_port: 8554
[10/07/23 14:08:44] crowsnest:		port: 8080
[10/07/23 14:08:44] crowsnest:		device: /dev/video0
[10/07/23 14:08:44] crowsnest:		resolution: 640x480
[10/07/23 14:08:44] crowsnest:		max_fps: 15
[10/07/23 14:08:44] crowsnest: INFO: Detect available Devices
[10/07/23 14:08:45] crowsnest: INFO: Found 1 total available Device(s)
[10/07/23 14:08:45] crowsnest: INFO: Found 1 available v4l2 (UVC) camera(s)
[10/07/23 14:08:45] crowsnest: /dev/v4l/by-id/usb-Microsoft_Microsoft®_LifeCam_VX-2000-video-index0 -> /dev/video0
[10/07/23 14:08:45] crowsnest: Supported Formats:
[10/07/23 14:08:45] crowsnest:		[0]: 'MJPG' (Motion-JPEG, compressed)
[10/07/23 14:08:45] crowsnest:		Size: Discrete 640x480
[10/07/23 14:08:45] crowsnest:		Interval: Discrete 0.067s (15.000 fps)
[10/07/23 14:08:45] crowsnest:		Size: Discrete 352x288
[10/07/23 14:08:45] crowsnest:		Interval: Discrete 0.033s (30.000 fps)
[10/07/23 14:08:45] crowsnest:		Size: Discrete 320x240
[10/07/23 14:08:45] crowsnest:		Interval: Discrete 0.033s (30.000 fps)
[10/07/23 14:08:45] crowsnest:		Size: Discrete 176x144
[10/07/23 14:08:45] crowsnest:		Interval: Discrete 0.033s (30.000 fps)
[10/07/23 14:08:45] crowsnest:		Size: Discrete 160x120
[10/07/23 14:08:45] crowsnest:		Interval: Discrete 0.033s (30.000 fps)
[10/07/23 14:08:45] crowsnest: Supported Controls:
[10/07/23 14:08:45] crowsnest:		
[10/07/23 14:08:45] crowsnest:		User Controls
[10/07/23 14:08:45] crowsnest:		
[10/07/23 14:08:45] crowsnest:		brightness 0x00980900 (int)    : min=-16 max=16 step=1 default=0 value=0
[10/07/23 14:08:45] crowsnest:		contrast 0x00980901 (int)    : min=1 max=32 step=1 default=16 value=16
[10/07/23 14:08:45] crowsnest:		saturation 0x00980902 (int)    : min=0 max=60 step=1 default=18 value=18
[10/07/23 14:08:45] crowsnest:		hue 0x00980903 (int)    : min=-45 max=45 step=1 default=0 value=0
[10/07/23 14:08:45] crowsnest:		white_balance_automatic 0x0098090c (bool)   : default=1 value=1
[10/07/23 14:08:45] crowsnest:		gamma 0x00980910 (int)    : min=100 max=200 step=10 default=150 value=150
[10/07/23 14:08:45] crowsnest:		power_line_frequency 0x00980918 (menu)   : min=0 max=2 default=2 value=2
[10/07/23 14:08:45] crowsnest:		0: Disabled
[10/07/23 14:08:45] crowsnest:		1: 50 Hz
[10/07/23 14:08:45] crowsnest:		2: 60 Hz
[10/07/23 14:08:45] crowsnest:		white_balance_temperature 0x0098091a (int)    : min=2800 max=6500 step=1850 default=4650 value=4650 flags=inactive
[10/07/23 14:08:45] crowsnest:		sharpness 0x0098091b (int)    : min=0 max=15 step=1 default=5 value=5
[10/07/23 14:08:45] crowsnest:		backlight_compensation 0x0098091c (int)    : min=0 max=2 step=1 default=1 value=1
[10/07/23 14:08:45] crowsnest:		
[10/07/23 14:08:45] crowsnest:		Camera Controls
[10/07/23 14:08:45] crowsnest:		
[10/07/23 14:08:45] crowsnest:		auto_exposure 0x009a0901 (menu)   : min=0 max=3 default=3 value=3
[10/07/23 14:08:45] crowsnest:		1: Manual Mode
[10/07/23 14:08:45] crowsnest:		3: Aperture Priority Mode
[10/07/23 14:08:45] crowsnest:		exposure_time_absolute 0x009a0902 (int)    : min=2 max=20 step=2 default=4 value=4 flags=inactive
[10/07/23 14:08:45] crowsnest:		exposure_dynamic_framerate 0x009a0903 (bool)   : default=0 value=1
[10/07/23 14:08:45] crowsnest:		pan_absolute 0x009a0908 (int)    : min=-36000 max=36000 step=7200 default=0 value=0
[10/07/23 14:08:45] crowsnest:		tilt_absolute 0x009a0909 (int)    : min=-36000 max=36000 step=7200 default=0 value=0
[10/07/23 14:08:45] crowsnest:		zoom_absolute 0x009a090d (int)    : min=0 max=10 step=1 default=0 value=0
[10/07/23 14:08:45] crowsnest:		privacy 0x009a0910 (bool)   : default=0 value=0
[10/07/23 14:08:45] crowsnest: Try to start configured Cams / Services...
[10/07/23 14:08:48] crowsnest: INFO: Configuration of Section [cam 1] looks good. Continue ...
[10/07/23 14:08:49] crowsnest: V4L2 Control: No parameters set for [cam 1]. Skipped.
[10/07/23 14:08:52] crowsnest: Starting ustreamer with Device /dev/video0 ...
[10/07/23 14:08:52] crowsnest:  ... Done!
[10/07/23 14:13:06] crowsnest: WATCHDOG: Lost Device: '/dev/video0'
[10/07/23 14:15:06] crowsnest: WATCHDOG: Device '/dev/video0' returned.
[10/07/23 14:46:45] crowsnest: Shutdown or Killed by User!
[10/07/23 14:46:45] crowsnest: Please come again :)
[10/07/23 14:46:45] crowsnest: Goodbye...
[10/07/23 14:47:04] crowsnest: crowsnest - A webcam Service for multiple Cams and Stream Services.
[10/07/23 14:47:04] crowsnest: Version: v4.0.2
[10/07/23 14:47:04] crowsnest: Prepare Startup ...
[10/07/23 14:47:04] crowsnest: INFO: Host information:
[10/07/23 14:47:04] crowsnest: Host Info: Distribution: Raspbian GNU/Linux 11 (bullseye)
[10/07/23 14:47:04] crowsnest: Host Info: Release: MainsailOS release 1.2.1 (bullseye)
[10/07/23 14:47:04] crowsnest: Host Info: Kernel: Linux 6.1.21-v7+ armv7l
[10/07/23 14:47:04] crowsnest: Host Info: Model:  Raspberry Pi Zero 2 W Rev 1.0
[10/07/23 14:47:04] crowsnest: Host Info: Available CPU Cores: 4
[10/07/23 14:47:04] crowsnest: Host Info: Available Memory: 339540 kB
[10/07/23 14:47:04] crowsnest: Host Info: Diskspace (avail. / total): 8.8G / 15G
[10/07/23 14:47:04] crowsnest: INFO: Checking Dependencys
[10/07/23 14:47:04] crowsnest: Dependency: 'crudini' found in /usr/bin/crudini.
[10/07/23 14:47:04] crowsnest: Dependency: 'find' found in /usr/bin/find.
[10/07/23 14:47:04] crowsnest: Dependency: 'xargs' found in /usr/bin/xargs.
[10/07/23 14:47:04] crowsnest: Dependency: 'ustreamer' found in bin/ustreamer/ustreamer.
[10/07/23 14:47:04] crowsnest: Dependency: 'camera-streamer' found in bin/camera-streamer/camera-streamer.
[10/07/23 14:47:05] crowsnest: Version Control: ustreamer is up to date. (v5.43)
[10/07/23 14:47:07] crowsnest: Version Control: camera-streamer is up to date. ((ef8f6a4))
[10/07/23 14:47:07] crowsnest: INFO: Print Configfile: '/home/alchemist/printer_data/config/crowsnest.conf'
[10/07/23 14:47:07] crowsnest:		[crowsnest]
[10/07/23 14:47:07] crowsnest:		log_path: /home/alchemist/printer_data/logs/crowsnest.log
[10/07/23 14:47:07] crowsnest:		log_level: verbose
[10/07/23 14:47:07] crowsnest:		delete_log: false
[10/07/23 14:47:07] crowsnest:		no_proxy: false
[10/07/23 14:47:07] crowsnest:		
[10/07/23 14:47:07] crowsnest:		[cam 1]
[10/07/23 14:47:07] crowsnest:		mode: ustreamer
[10/07/23 14:47:07] crowsnest:		
[10/07/23 14:47:07] crowsnest:		enable_rtsp: false
[10/07/23 14:47:07] crowsnest:		rtsp_port: 8554
[10/07/23 14:47:07] crowsnest:		port: 8080
[10/07/23 14:47:07] crowsnest:		device: /dev/video0
[10/07/23 14:47:07] crowsnest:		resolution: 640x480
[10/07/23 14:47:07] crowsnest:		max_fps: 15
[10/07/23 14:47:07] crowsnest: INFO: Detect available Devices
[10/07/23 14:47:07] crowsnest: INFO: Found 1 total available Device(s)
[10/07/23 14:47:08] crowsnest: INFO: Found 1 available v4l2 (UVC) camera(s)
[10/07/23 14:47:08] crowsnest: /dev/v4l/by-id/usb-Microsoft_Microsoft®_LifeCam_VX-2000-video-index0 -> /dev/video0
[10/07/23 14:47:08] crowsnest: Supported Formats:
[10/07/23 14:47:08] crowsnest:		[0]: 'MJPG' (Motion-JPEG, compressed)
[10/07/23 14:47:08] crowsnest:		Size: Discrete 640x480
[10/07/23 14:47:08] crowsnest:		Interval: Discrete 0.067s (15.000 fps)
[10/07/23 14:47:08] crowsnest:		Size: Discrete 352x288
[10/07/23 14:47:08] crowsnest:		Interval: Discrete 0.033s (30.000 fps)
[10/07/23 14:47:08] crowsnest:		Size: Discrete 320x240
[10/07/23 14:47:08] crowsnest:		Interval: Discrete 0.033s (30.000 fps)
[10/07/23 14:47:08] crowsnest:		Size: Discrete 176x144
[10/07/23 14:47:08] crowsnest:		Interval: Discrete 0.033s (30.000 fps)
[10/07/23 14:47:08] crowsnest:		Size: Discrete 160x120
[10/07/23 14:47:08] crowsnest:		Interval: Discrete 0.033s (30.000 fps)
[10/07/23 14:47:08] crowsnest: Supported Controls:
[10/07/23 14:47:08] crowsnest:		
[10/07/23 14:47:08] crowsnest:		User Controls
[10/07/23 14:47:08] crowsnest:		
[10/07/23 14:47:08] crowsnest:		brightness 0x00980900 (int)    : min=-16 max=16 step=1 default=0 value=0
[10/07/23 14:47:08] crowsnest:		contrast 0x00980901 (int)    : min=1 max=32 step=1 default=16 value=16
[10/07/23 14:47:08] crowsnest:		saturation 0x00980902 (int)    : min=0 max=60 step=1 default=18 value=18
[10/07/23 14:47:08] crowsnest:		hue 0x00980903 (int)    : min=-45 max=45 step=1 default=0 value=0
[10/07/23 14:47:08] crowsnest:		white_balance_automatic 0x0098090c (bool)   : default=1 value=1
[10/07/23 14:47:08] crowsnest:		gamma 0x00980910 (int)    : min=100 max=200 step=10 default=150 value=150
[10/07/23 14:47:08] crowsnest:		power_line_frequency 0x00980918 (menu)   : min=0 max=2 default=2 value=2
[10/07/23 14:47:08] crowsnest:		0: Disabled
[10/07/23 14:47:08] crowsnest:		1: 50 Hz
[10/07/23 14:47:08] crowsnest:		2: 60 Hz
[10/07/23 14:47:08] crowsnest:		white_balance_temperature 0x0098091a (int)    : min=2800 max=6500 step=1850 default=4650 value=4650 flags=inactive
[10/07/23 14:47:08] crowsnest:		sharpness 0x0098091b (int)    : min=0 max=15 step=1 default=5 value=5
[10/07/23 14:47:08] crowsnest:		backlight_compensation 0x0098091c (int)    : min=0 max=2 step=1 default=1 value=1
[10/07/23 14:47:08] crowsnest:		
[10/07/23 14:47:08] crowsnest:		Camera Controls
[10/07/23 14:47:08] crowsnest:		
[10/07/23 14:47:08] crowsnest:		auto_exposure 0x009a0901 (menu)   : min=0 max=3 default=3 value=3
[10/07/23 14:47:08] crowsnest:		1: Manual Mode
[10/07/23 14:47:08] crowsnest:		3: Aperture Priority Mode
[10/07/23 14:47:08] crowsnest:		exposure_time_absolute 0x009a0902 (int)    : min=2 max=20 step=2 default=4 value=4 flags=inactive
[10/07/23 14:47:08] crowsnest:		exposure_dynamic_framerate 0x009a0903 (bool)   : default=0 value=1
[10/07/23 14:47:08] crowsnest:		pan_absolute 0x009a0908 (int)    : min=-36000 max=36000 step=7200 default=0 value=0
[10/07/23 14:47:08] crowsnest:		tilt_absolute 0x009a0909 (int)    : min=-36000 max=36000 step=7200 default=0 value=0
[10/07/23 14:47:08] crowsnest:		zoom_absolute 0x009a090d (int)    : min=0 max=10 step=1 default=0 value=0
[10/07/23 14:47:08] crowsnest:		privacy 0x009a0910 (bool)   : default=0 value=0
[10/07/23 14:47:08] crowsnest: Try to start configured Cams / Services...
[10/07/23 14:47:11] crowsnest: INFO: Configuration of Section [cam 1] looks good. Continue ...
[10/07/23 14:47:12] crowsnest: V4L2 Control: No parameters set for [cam 1]. Skipped.
[10/07/23 14:47:14] crowsnest: Starting ustreamer with Device /dev/video0 ...
[10/07/23 14:47:15] crowsnest:  ... Done!
