===== Config file =====
[bed_mesh]
speed = 100
horizontal_move_z = 5
mesh_min = 5,5
mesh_max = 230,230
probe_count = 6,6
fade_start = 1
fade_end = 10
fade_target = 0

[safe_z_home]
home_xy_position = 117.5,117.5
z_hop = 10

[force_move]
enable_force_move = True

[gcode_macro TARE_PROBE]
gcode = 
	M104 S0
	SET_PIN PIN=probe_tare VALUE=0
	G4 P250
	SET_PIN PIN=probe_tare VALUE=1
	G4 P250
	{action_respond_info("Probe tared")}

[gcode_macro RUN_ABL]
gcode = 
	M190 S60
	G28
	M104 S0
	BED_MESH_CALIBRATE
	SAVE_CONFIG
	M140 S0
	M104 S0

[gcode_macro START_PRINT]
gcode = 
	{% set toolTemp = params.HOTEND_TEMP|int %}
	{% set bedTemp = params.BED_TEMP|int %}
	SET_GCODE_OFFSET Z=0
	{% if toolTemp >= 221 %}
	SET_GCODE_OFFSET Z=0.03
	{% endif %}
	SET_HEATER_TEMPERATURE HEATER=heater_bed TARGET={bedTemp}
	SET_HEATER_TEMPERATURE HEATER=extruder TARGET=150
	M82
	M220 S100
	M221 S100
	SET_VELOCITY_LIMIT VELOCITY=200 ACCEL=1000 ACCEL_TO_DECEL=500 SQUARE_CORNER_VELOCITY=5
	
	
	G28
	SET_HEATER_TEMPERATURE HEATER=extruder TARGET=150
	TEMPERATURE_WAIT SENSOR=heater_bed MINIMUM={bedTemp -15}
	TEMPERATURE_WAIT SENSOR=extruder MINIMUM=140
	SET_HEATER_TEMPERATURE HEATER=extruder TARGET=0
	G28	Z
	SET_HEATER_TEMPERATURE HEATER=extruder TARGET={toolTemp -70}
	
	
	G90
	G0 Z20
	G0 X0 Y0
	TEMPERATURE_WAIT SENSOR=heater_bed MINIMUM={bedTemp - 10}
	SET_HEATER_TEMPERATURE HEATER=extruder TARGET={toolTemp}
	TEMPERATURE_WAIT SENSOR=extruder MINIMUM={toolTemp - 1}
	
	
	G92 E0
	G1 Z2.0 F3000
	G1 X0 Y20 Z0.28
	G1 X0 Y200.0 Z0.28 E15
	G1 X0 Y200.0 Z0.28
	G1 X0.5 Y20 Z0.28 E30
	G92 E0
	G1 Z2.0 F3000

[gcode_macro END_PRINT]
gcode = 
	M106 S255
	G91
	G1 E-0.5 F2700
	G1 E-0.5 Z0.2 F2400
	G1 X5 Y5 F5000
	G1 Z10
	G90
	G1 X0 Y225
	TURN_OFF_HEATERS
	G91
	G4 S30
	G1 E-0.5 F2700
	G4 S30
	G1 E-0.5 F2700
	G90
	M84 X Y E
	M82
	TEMPERATURE_WAIT SENSOR=heater_bed MAXIMUM=50
	TEMPERATURE_WAIT SENSOR=extruder MAXIMUM=50
	M106 S0

[gcode_macro TIMELAPSE_TAKE_FRAME]
gcode = 
	{action_call_remote_method("timelapse_newframe")}

[gcode_macro TIMELAPSE_RENDER]
gcode = 
	{action_call_remote_method("timelapse_render")}

[gcode_macro LOAD_FILAMENT]
gcode = 
	{% set act_z = printer.toolhead.position.z|float %}
	{% if act_z < 30.0 %}
	G0 Z30
	{% endif %}
	M83
	G1 E45 F1000
	G1 E30 F300
	G1 E50 F150
	
	G1 E-0.5 F500
	
	M82

[gcode_macro UNLOAD_FILAMENT]
gcode = 
	{% set act_z = printer.toolhead.position.z|float %}
	{% if act_z < 30.0 %}
	G0 Z30
	{% endif %}
	M83
	G1 E5 F300
	G1 E-100 F1000
	M82

[gcode_macro Hotend_Cleaning]
gcode = 
	M83
	G1 E45 F1000
	G1 E30 F300
	G1 E50 F150
	G1 E-100 F1000
	M82

[gcode_macro M204]
rename_existing = M204.1
gcode = 
	{% if params.S is defined %}
	{% set s = params.S|float %}
	SET_VELOCITY_LIMIT ACCEL={s} ACCEL_TO_DECEL={s/2}
	{% endif %}

[gcode_macro M900]
gcode = 
	{% if params.K is defined %}
	{% set K = params.K|float %}
	SET_PRESSURE_ADVANCE ADVANCE={K}
	{% endif %}

[virtual_sdcard]
path = ~/printer_data/gcodes
on_error_gcode = CANCEL_PRINT

[pause_resume]

[display_status]

[respond]

[gcode_macro CANCEL_PRINT]
description = Cancel the actual running print
rename_existing = CANCEL_PRINT_BASE
gcode = 
	
	{% set client = printer['gcode_macro _CLIENT_VARIABLE']|default({}) %}
	{% set allow_park = client.park_at_cancel|default(false)|lower == 'true' %}
	{% set retract = client.cancel_retract|default(5.0)|abs %}
	
	{% set park_x = "" if (client.park_at_cancel_x|default(none) is none)
	else "X=" ~ client.park_at_cancel_x %}
	{% set park_y = "" if (client.park_at_cancel_y|default(none) is none)
	else "Y=" ~ client.park_at_cancel_y %}
	{% set custom_park = park_x|length > 0 or park_y|length > 0 %}
	
	
	{% if printer['gcode_macro PAUSE'].restore_idle_timeout > 0 %}
	SET_IDLE_TIMEOUT TIMEOUT={printer['gcode_macro PAUSE'].restore_idle_timeout}
	{% endif %}
	{% if (custom_park or not printer.pause_resume.is_paused) and allow_park %} _TOOLHEAD_PARK_PAUSE_CANCEL {park_x} {park_y} {% endif %}
	_CLIENT_RETRACT LENGTH={retract}
	TURN_OFF_HEATERS
	M106 S0
	
	SET_PAUSE_NEXT_LAYER ENABLE=0
	SET_PAUSE_AT_LAYER ENABLE=0 LAYER=0
	CANCEL_PRINT_BASE

[gcode_macro PAUSE]
description = Pause the actual running print
rename_existing = PAUSE_BASE
variable_restore_idle_timeout = 0
gcode = 
	
	{% set client = printer['gcode_macro _CLIENT_VARIABLE']|default({}) %}
	{% set idle_timeout = client.idle_timeout|default(0) %}
	{% set temp = printer[printer.toolhead.extruder].target if printer.toolhead.extruder != '' else 0%}
	{% set restore = False if printer.toolhead.extruder == ''
	else True  if params.RESTORE|default(1)|int == 1 else False %}
	
	SET_GCODE_VARIABLE MACRO=RESUME VARIABLE=last_extruder_temp VALUE="{{'restore': restore, 'temp': temp}}"
	
	{% if idle_timeout > 0 %}
	SET_GCODE_VARIABLE MACRO=PAUSE VARIABLE=restore_idle_timeout VALUE={printer.configfile.settings.idle_timeout.timeout}
	SET_IDLE_TIMEOUT TIMEOUT={idle_timeout}
	{% endif %}
	PAUSE_BASE
	_TOOLHEAD_PARK_PAUSE_CANCEL {rawparams}

[gcode_macro RESUME]
description = Resume the actual running print
rename_existing = RESUME_BASE
variable_last_extruder_temp = {'restore': False, 'temp': 0}
gcode = 
	
	{% set client = printer['gcode_macro _CLIENT_VARIABLE']|default({}) %}
	{% set velocity = printer.configfile.settings.pause_resume.recover_velocity %}
	{% set sp_move = client.speed_move|default(velocity) %}
	
	
	{% if printer['gcode_macro PAUSE'].restore_idle_timeout > 0 %}
	SET_IDLE_TIMEOUT TIMEOUT={printer['gcode_macro PAUSE'].restore_idle_timeout}
	{% endif %}
	{% if printer.idle_timeout.state|upper == "IDLE" %}
	{% if last_extruder_temp.restore %} M109 S{last_extruder_temp.temp} {% endif %}
	{% endif %}
	_CLIENT_EXTRUDE
	RESUME_BASE VELOCITY={params.VELOCITY|default(sp_move)}

[gcode_macro SET_PAUSE_NEXT_LAYER]
description = Enable a pause if the next layer is reached
gcode = 
	{% set pause_next_layer = printer['gcode_macro SET_PRINT_STATS_INFO'].pause_next_layer %}
	{% set ENABLE = params.ENABLE|default(1)|int != 0 %}
	{% set MACRO = params.MACRO|default(pause_next_layer.call, True) %}
	SET_GCODE_VARIABLE MACRO=SET_PRINT_STATS_INFO VARIABLE=pause_next_layer VALUE="{{ 'enable': ENABLE, 'call': MACRO }}"

[gcode_macro SET_PAUSE_AT_LAYER]
description = Enable/disable a pause if a given layer number is reached
gcode = 
	{% set pause_at_layer = printer['gcode_macro SET_PRINT_STATS_INFO'].pause_at_layer %}
	{% set ENABLE = params.ENABLE|int != 0 if params.ENABLE is defined
	else params.LAYER is defined %}
	{% set LAYER = params.LAYER|default(pause_at_layer.layer)|int %}
	{% set MACRO = params.MACRO|default(pause_at_layer.call, True) %}
	SET_GCODE_VARIABLE MACRO=SET_PRINT_STATS_INFO VARIABLE=pause_at_layer VALUE="{{ 'enable': ENABLE, 'layer': LAYER, 'call': MACRO }}"

[gcode_macro SET_PRINT_STATS_INFO]
rename_existing = SET_PRINT_STATS_INFO_BASE
description = Overwrite, to get pause_next_layer and pause_at_layer feature
variable_pause_next_layer = { 'enable': False, 'call': "PAUSE" }
variable_pause_at_layer = { 'enable': False, 'layer': 0, 'call': "PAUSE" }
gcode = 
	{% if pause_next_layer.enable %}
	RESPOND TYPE=echo MSG='{"%s, forced by pause_next_layer" % pause_next_layer.call}'
	{pause_next_layer.call}
	SET_PAUSE_NEXT_LAYER ENABLE=0
	{% elif pause_at_layer.enable and params.CURRENT_LAYER is defined and params.CURRENT_LAYER|int == pause_at_layer.layer %}
	RESPOND TYPE=echo MSG='{"%s, forced by pause_at_layer [%d]" % (pause_at_layer.call, pause_at_layer.layer)}'
	{pause_at_layer.call}
	SET_PAUSE_AT_LAYER ENABLE=0
	{% endif %}
	SET_PRINT_STATS_INFO_BASE {rawparams}

[gcode_macro _TOOLHEAD_PARK_PAUSE_CANCEL]
description = Helper: park toolhead used in PAUSE and CANCEL_PRINT
gcode = 
	
	{% set client = printer['gcode_macro _CLIENT_VARIABLE']|default({}) %}
	{% set velocity = printer.configfile.settings.pause_resume.recover_velocity %}
	{% set use_custom     = client.use_custom_pos|default(false)|lower == 'true' %}
	{% set custom_park_x  = client.custom_park_x|default(0.0) %}
	{% set custom_park_y  = client.custom_park_y|default(0.0) %}
	{% set park_dz        = client.custom_park_dz|default(2.0)|abs %}
	{% set sp_hop         = client.speed_hop|default(15) * 60 %}
	{% set sp_move        = client.speed_move|default(velocity) * 60 %}
	
	{% set origin    = printer.gcode_move.homing_origin %}
	{% set act       = printer.gcode_move.gcode_position %}
	{% set max       = printer.toolhead.axis_maximum %}
	{% set cone      = printer.toolhead.cone_start_z|default(max.z) %}
	{% set round_bed = True if printer.configfile.settings.printer.kinematics is in ['delta','polar','rotary_delta','winch']
	else False %}
	
	{% set z_min = params.Z_MIN|default(0)|float %}
	{% set z_park = [[(act.z + park_dz), z_min]|max, (max.z - origin.z)]|min %}
	{% set x_park = params.X       if params.X is defined
	else custom_park_x  if use_custom
	else 0.0            if round_bed
	else (max.x - 5.0) %}
	{% set y_park = params.Y       if params.Y is defined
	else custom_park_y  if use_custom
	else (max.y - 5.0)  if round_bed and z_park < cone
	else 0.0            if round_bed
	else (max.y - 5.0) %}
	
	_CLIENT_RETRACT
	{% if "xyz" in printer.toolhead.homed_axes %}
	G90
	G1 Z{z_park} F{sp_hop}
	G1 X{x_park} Y{y_park} F{sp_move}
	{% if not printer.gcode_move.absolute_coordinates %} G91 {% endif %}
	{% else %}
	RESPOND TYPE=echo MSG='Printer not homed'
	{% endif %}

[gcode_macro _CLIENT_EXTRUDE]
description = Extrudes, if the extruder is hot enough
gcode = 
	
	{% set client = printer['gcode_macro _CLIENT_VARIABLE']|default({}) %}
	{% set use_fw_retract = (client.use_fw_retract|default(false)|lower == 'true') and (printer.firmware_retraction is defined) %}
	{% set length = params.LENGTH|default(client.unretract)|default(1.0)|float %}
	{% set speed = params.SPEED|default(client.speed_unretract)|default(35) %}
	{% set absolute_extrude = printer.gcode_move.absolute_extrude %}
	
	{% if printer.toolhead.extruder != '' %}
	{% if printer[printer.toolhead.extruder].can_extrude %}
	{% if use_fw_retract %}
	{% if length < 0 %}
	G10
	{% else %}
	G11
	{% endif %}
	{% else %}
	M83
	G1 E{length} F{(speed|float|abs) * 60}
	{% if absolute_extrude %}
	M82
	{% endif %}
	{% endif %}
	{% else %}
	RESPOND TYPE=echo MSG='Extruder not hot enough'
	{% endif %}
	{% endif %}

[gcode_macro _CLIENT_RETRACT]
description = Retracts, if the extruder is hot enough
gcode = 
	{% set client = printer['gcode_macro _CLIENT_VARIABLE']|default({}) %}
	{% set length = params.LENGTH|default(client.retract)|default(1.0)|float %}
	{% set speed = params.SPEED|default(client.speed_retract)|default(35) %}
	
	_CLIENT_EXTRUDE LENGTH=-{length|float|abs} SPEED={speed|float|abs}

[stepper_x]
step_pin = PB8
dir_pin = !PB7
enable_pin = !PC3
rotation_distance = 40
microsteps = 16
endstop_pin = PC4
position_min = -5
position_endstop = -5
position_max = 235
homing_speed = 50

[stepper_y]
step_pin = PB6
dir_pin = PB5
enable_pin = !PC3
rotation_distance = 40
microsteps = 16
endstop_pin = PC5
position_min = -2
position_endstop = -2
position_max = 235
homing_speed = 50

[stepper_z]
step_pin = PB4
dir_pin = !PB3
enable_pin = !PC3
rotation_distance = 8
microsteps = 16
endstop_pin = probe:z_virtual_endstop
position_min = -1.5
position_max = 250
homing_speed = 4
second_homing_speed = 1
homing_retract_dist = 2.0

[extruder]
max_extrude_only_distance = 1000.0
step_pin = PC2
dir_pin = !PB9
enable_pin = !PC3
microsteps = 16
rotation_distance = 33.68
nozzle_diameter = 0.400
filament_diameter = 1.750
heater_pin = PB14
sensor_type = EPCOS 100K B57560G104F
sensor_pin = PB1
min_temp = 0
max_temp = 275
control = pid
pid_kp = 27.962
pid_ki = 1.567
pid_kd = 124.781

[heater_bed]
heater_pin = PB13
sensor_type = EPCOS 100K B57560G104F
sensor_pin = PB0
min_temp = 0
max_temp = 120
control = pid
pid_kp = 73.619
pid_ki = 2.080
pid_kd = 651.529

[fan]
pin = PB15
kick_start_time = 0.5

[mcu]
serial = /dev/serial/by-id/usb-1a86_USB_Serial-if00-port0
restart_method = command

[probe]
pin = PA4
x_offset = 0.0
y_offset = 0.0
z_offset = -0.25
speed = 1
lift_speed = 5
samples_tolerance = 0.05
samples_tolerance_retries = 2
samples = 5
activate_gcode = 
	TARE_PROBE

[output_pin probe_tare]
pin = !PA5
value = 1

[output_pin probe_enable]
pin = PB2

[filament_switch_sensor filament_sensor]
pause_on_runout = true
switch_pin = ^!PA7

[output_pin LED_pin]
pin = PA6

[printer]
kinematics = cartesian
max_velocity = 350
max_accel = 500
max_accel_to_decel = 500
square_corner_velocity = 5
max_z_velocity = 5
max_z_accel = 100

[gcode_arcs]

[bed_mesh default]
version = 1
points = 
	0.075500, 0.061000, 0.070500, 0.055000, -0.016500, -0.067500
	0.115500, 0.090000, 0.081500, 0.081500, 0.044000, -0.007500
	0.118500, 0.090000, 0.069500, 0.063000, 0.020000, 0.013500
	0.173500, 0.131500, 0.109000, 0.107000, 0.083000, 0.026500
	0.208500, 0.177000, 0.155000, 0.138500, 0.101000, 0.042500
	0.163500, 0.149000, 0.152000, 0.156000, 0.108500, 0.043500
x_count = 6
y_count = 6
mesh_x_pps = 2
mesh_y_pps = 2
algo = lagrange
tension = 0.2
min_x = 5.0
max_x = 230.0
min_y = 5.0
max_y = 230.0
=======================
Args: ['/home/alchemist/klipper/klippy/klippy.py', '/home/alchemist/printer_data/config/printer.cfg', '-l', '/home/alchemist/printer_data/logs/klippy.log', '-I', '/home/alchemist/printer_data/comms/klippy.serial', '-a', '/home/alchemist/printer_data/comms/klippy.sock']
Git version: 'v0.11.0-291-g6adff395-dirty'
Untracked files: klippy/extras/gcode_shell_command.py
Branch: master
Remote: origin
Tracked URL: https://github.com/Klipper3d/klipper.git
CPU: 4 core ARMv7 Processor rev 4 (v7l)
Python: '3.9.2 (default, Mar 12 2021, 04:06:34) \n[GCC 10.2.1 20210110]'
=============== Log rollover at Sun Oct 29 13:42:21 2023 ===============
webhooks client 1965977384: Disconnected
Starting Klippy...
Args: ['/home/alchemist/klipper/klippy/klippy.py', '/home/alchemist/printer_data/config/printer.cfg', '-l', '/home/alchemist/printer_data/logs/klippy.log', '-I', '/home/alchemist/printer_data/comms/klippy.serial', '-a', '/home/alchemist/printer_data/comms/klippy.sock']
Git version: 'v0.11.0-291-g6adff395-dirty'
Untracked files: klippy/extras/gcode_shell_command.py
Branch: master
Remote: origin
Tracked URL: https://github.com/Klipper3d/klipper.git
CPU: 4 core ARMv7 Processor rev 4 (v7l)
Python: '3.9.2 (default, Mar 12 2021, 04:06:34) \n[GCC 10.2.1 20210110]'
Start printer at Sun Oct 29 13:42:39 2023 (1698547359.8 22.9)
===== Config file =====
[bed_mesh]
speed = 100
horizontal_move_z = 5
mesh_min = 5,5
mesh_max = 230,230
probe_count = 6,6
fade_start = 1
fade_end = 10
fade_target = 0

[safe_z_home]
home_xy_position = 117.5,117.5
z_hop = 10

[force_move]
enable_force_move = True

[gcode_macro TARE_PROBE]
gcode = 
	M104 S0
	SET_PIN PIN=probe_tare VALUE=0
	G4 P250
	SET_PIN PIN=probe_tare VALUE=1
	G4 P250
	{action_respond_info("Probe tared")}

[gcode_macro RUN_ABL]
gcode = 
	M190 S60
	G28
	M104 S0
	BED_MESH_CALIBRATE
	SAVE_CONFIG
	M140 S0
	M104 S0

[gcode_macro START_PRINT]
gcode = 
	{% set toolTemp = params.HOTEND_TEMP|int %}
	{% set bedTemp = params.BED_TEMP|int %}
	SET_GCODE_OFFSET Z=0
	{% if toolTemp >= 221 %}
	SET_GCODE_OFFSET Z=0.03
	{% endif %}
	SET_HEATER_TEMPERATURE HEATER=heater_bed TARGET={bedTemp}
	SET_HEATER_TEMPERATURE HEATER=extruder TARGET=150
	M82
	M220 S100
	M221 S100
	SET_VELOCITY_LIMIT VELOCITY=200 ACCEL=1000 ACCEL_TO_DECEL=500 SQUARE_CORNER_VELOCITY=5
	
	
	G28
	SET_HEATER_TEMPERATURE HEATER=extruder TARGET=150
	TEMPERATURE_WAIT SENSOR=heater_bed MINIMUM={bedTemp -15}
	TEMPERATURE_WAIT SENSOR=extruder MINIMUM=140
	SET_HEATER_TEMPERATURE HEATER=extruder TARGET=0
	G28	Z
	SET_HEATER_TEMPERATURE HEATER=extruder TARGET={toolTemp -70}
	
	
	G90
	G0 Z20
	G0 X0 Y0
	TEMPERATURE_WAIT SENSOR=heater_bed MINIMUM={bedTemp - 10}
	SET_HEATER_TEMPERATURE HEATER=extruder TARGET={toolTemp}
	TEMPERATURE_WAIT SENSOR=extruder MINIMUM={toolTemp - 1}
	
	
	G92 E0
	G1 Z2.0 F3000
	G1 X0 Y20 Z0.28
	G1 X0 Y200.0 Z0.28 E15
	G1 X0 Y200.0 Z0.28
	G1 X0.5 Y20 Z0.28 E30
	G92 E0
	G1 Z2.0 F3000

[gcode_macro END_PRINT]
gcode = 
	M106 S255
	G91
	G1 E-0.5 F2700
	G1 E-0.5 Z0.2 F2400
	G1 X5 Y5 F5000
	G1 Z10
	G90
	G1 X0 Y225
	TURN_OFF_HEATERS
	G91
	G4 S30
	G1 E-0.5 F2700
	G4 S30
	G1 E-0.5 F2700
	G90
	M84 X Y E
	M82
	TEMPERATURE_WAIT SENSOR=heater_bed MAXIMUM=50
	TEMPERATURE_WAIT SENSOR=extruder MAXIMUM=50
	M106 S0

[gcode_macro TIMELAPSE_TAKE_FRAME]
gcode = 
	{action_call_remote_method("timelapse_newframe")}

[gcode_macro TIMELAPSE_RENDER]
gcode = 
	{action_call_remote_method("timelapse_render")}

[gcode_macro LOAD_FILAMENT]
gcode = 
	{% set act_z = printer.toolhead.position.z|float %}
	{% if act_z < 30.0 %}
	G0 Z30
	{% endif %}
	M83
	G1 E45 F1000
	G1 E30 F300
	G1 E50 F150
	
	G1 E-0.5 F500
	
	M82

[gcode_macro UNLOAD_FILAMENT]
gcode = 
	{% set act_z = printer.toolhead.position.z|float %}
	{% if act_z < 30.0 %}
	G0 Z30
	{% endif %}
	M83
	G1 E5 F300
	G1 E-100 F1000
	M82

[gcode_macro Hotend_Cleaning]
gcode = 
	M83
	G1 E45 F1000
	G1 E30 F300
	G1 E50 F150
	G1 E-100 F1000
	M82

[gcode_macro M204]
rename_existing = M204.1
gcode = 
	{% if params.S is defined %}
	{% set s = params.S|float %}
	SET_VELOCITY_LIMIT ACCEL={s} ACCEL_TO_DECEL={s/2}
	{% endif %}

[gcode_macro M900]
gcode = 
	{% if params.K is defined %}
	{% set K = params.K|float %}
	SET_PRESSURE_ADVANCE ADVANCE={K}
	{% endif %}

[virtual_sdcard]
path = ~/printer_data/gcodes
on_error_gcode = CANCEL_PRINT

[pause_resume]

[display_status]

[respond]

[gcode_macro CANCEL_PRINT]
description = Cancel the actual running print
rename_existing = CANCEL_PRINT_BASE
gcode = 
	
	{% set client = printer['gcode_macro _CLIENT_VARIABLE']|default({}) %}
	{% set allow_park = client.park_at_cancel|default(false)|lower == 'true' %}
	{% set retract = client.cancel_retract|default(5.0)|abs %}
	
	{% set park_x = "" if (client.park_at_cancel_x|default(none) is none)
	else "X=" ~ client.park_at_cancel_x %}
	{% set park_y = "" if (client.park_at_cancel_y|default(none) is none)
	else "Y=" ~ client.park_at_cancel_y %}
	{% set custom_park = park_x|length > 0 or park_y|length > 0 %}
	
	
	{% if printer['gcode_macro PAUSE'].restore_idle_timeout > 0 %}
	SET_IDLE_TIMEOUT TIMEOUT={printer['gcode_macro PAUSE'].restore_idle_timeout}
	{% endif %}
	{% if (custom_park or not printer.pause_resume.is_paused) and allow_park %} _TOOLHEAD_PARK_PAUSE_CANCEL {park_x} {park_y} {% endif %}
	_CLIENT_RETRACT LENGTH={retract}
	TURN_OFF_HEATERS
	M106 S0
	
	SET_PAUSE_NEXT_LAYER ENABLE=0
	SET_PAUSE_AT_LAYER ENABLE=0 LAYER=0
	CANCEL_PRINT_BASE

[gcode_macro PAUSE]
description = Pause the actual running print
rename_existing = PAUSE_BASE
variable_restore_idle_timeout = 0
gcode = 
	
	{% set client = printer['gcode_macro _CLIENT_VARIABLE']|default({}) %}
	{% set idle_timeout = client.idle_timeout|default(0) %}
	{% set temp = printer[printer.toolhead.extruder].target if printer.toolhead.extruder != '' else 0%}
	{% set restore = False if printer.toolhead.extruder == ''
	else True  if params.RESTORE|default(1)|int == 1 else False %}
	
	SET_GCODE_VARIABLE MACRO=RESUME VARIABLE=last_extruder_temp VALUE="{{'restore': restore, 'temp': temp}}"
	
	{% if idle_timeout > 0 %}
	SET_GCODE_VARIABLE MACRO=PAUSE VARIABLE=restore_idle_timeout VALUE={printer.configfile.settings.idle_timeout.timeout}
	SET_IDLE_TIMEOUT TIMEOUT={idle_timeout}
	{% endif %}
	PAUSE_BASE
	_TOOLHEAD_PARK_PAUSE_CANCEL {rawparams}

[gcode_macro RESUME]
description = Resume the actual running print
rename_existing = RESUME_BASE
variable_last_extruder_temp = {'restore': False, 'temp': 0}
gcode = 
	
	{% set client = printer['gcode_macro _CLIENT_VARIABLE']|default({}) %}
	{% set velocity = printer.configfile.settings.pause_resume.recover_velocity %}
	{% set sp_move = client.speed_move|default(velocity) %}
	
	
	{% if printer['gcode_macro PAUSE'].restore_idle_timeout > 0 %}
	SET_IDLE_TIMEOUT TIMEOUT={printer['gcode_macro PAUSE'].restore_idle_timeout}
	{% endif %}
	{% if printer.idle_timeout.state|upper == "IDLE" %}
	{% if last_extruder_temp.restore %} M109 S{last_extruder_temp.temp} {% endif %}
	{% endif %}
	_CLIENT_EXTRUDE
	RESUME_BASE VELOCITY={params.VELOCITY|default(sp_move)}

[gcode_macro SET_PAUSE_NEXT_LAYER]
description = Enable a pause if the next layer is reached
gcode = 
	{% set pause_next_layer = printer['gcode_macro SET_PRINT_STATS_INFO'].pause_next_layer %}
	{% set ENABLE = params.ENABLE|default(1)|int != 0 %}
	{% set MACRO = params.MACRO|default(pause_next_layer.call, True) %}
	SET_GCODE_VARIABLE MACRO=SET_PRINT_STATS_INFO VARIABLE=pause_next_layer VALUE="{{ 'enable': ENABLE, 'call': MACRO }}"

[gcode_macro SET_PAUSE_AT_LAYER]
description = Enable/disable a pause if a given layer number is reached
gcode = 
	{% set pause_at_layer = printer['gcode_macro SET_PRINT_STATS_INFO'].pause_at_layer %}
	{% set ENABLE = params.ENABLE|int != 0 if params.ENABLE is defined
	else params.LAYER is defined %}
	{% set LAYER = params.LAYER|default(pause_at_layer.layer)|int %}
	{% set MACRO = params.MACRO|default(pause_at_layer.call, True) %}
	SET_GCODE_VARIABLE MACRO=SET_PRINT_STATS_INFO VARIABLE=pause_at_layer VALUE="{{ 'enable': ENABLE, 'layer': LAYER, 'call': MACRO }}"

[gcode_macro SET_PRINT_STATS_INFO]
rename_existing = SET_PRINT_STATS_INFO_BASE
description = Overwrite, to get pause_next_layer and pause_at_layer feature
variable_pause_next_layer = { 'enable': False, 'call': "PAUSE" }
variable_pause_at_layer = { 'enable': False, 'layer': 0, 'call': "PAUSE" }
gcode = 
	{% if pause_next_layer.enable %}
	RESPOND TYPE=echo MSG='{"%s, forced by pause_next_layer" % pause_next_layer.call}'
	{pause_next_layer.call}
	SET_PAUSE_NEXT_LAYER ENABLE=0
	{% elif pause_at_layer.enable and params.CURRENT_LAYER is defined and params.CURRENT_LAYER|int == pause_at_layer.layer %}
	RESPOND TYPE=echo MSG='{"%s, forced by pause_at_layer [%d]" % (pause_at_layer.call, pause_at_layer.layer)}'
	{pause_at_layer.call}
	SET_PAUSE_AT_LAYER ENABLE=0
	{% endif %}
	SET_PRINT_STATS_INFO_BASE {rawparams}

[gcode_macro _TOOLHEAD_PARK_PAUSE_CANCEL]
description = Helper: park toolhead used in PAUSE and CANCEL_PRINT
gcode = 
	
	{% set client = printer['gcode_macro _CLIENT_VARIABLE']|default({}) %}
	{% set velocity = printer.configfile.settings.pause_resume.recover_velocity %}
	{% set use_custom     = client.use_custom_pos|default(false)|lower == 'true' %}
	{% set custom_park_x  = client.custom_park_x|default(0.0) %}
	{% set custom_park_y  = client.custom_park_y|default(0.0) %}
	{% set park_dz        = client.custom_park_dz|default(2.0)|abs %}
	{% set sp_hop         = client.speed_hop|default(15) * 60 %}
	{% set sp_move        = client.speed_move|default(velocity) * 60 %}
	
	{% set origin    = printer.gcode_move.homing_origin %}
	{% set act       = printer.gcode_move.gcode_position %}
	{% set max       = printer.toolhead.axis_maximum %}
	{% set cone      = printer.toolhead.cone_start_z|default(max.z) %}
	{% set round_bed = True if printer.configfile.settings.printer.kinematics is in ['delta','polar','rotary_delta','winch']
	else False %}
	
	{% set z_min = params.Z_MIN|default(0)|float %}
	{% set z_park = [[(act.z + park_dz), z_min]|max, (max.z - origin.z)]|min %}
	{% set x_park = params.X       if params.X is defined
	else custom_park_x  if use_custom
	else 0.0            if round_bed
	else (max.x - 5.0) %}
	{% set y_park = params.Y       if params.Y is defined
	else custom_park_y  if use_custom
	else (max.y - 5.0)  if round_bed and z_park < cone
	else 0.0            if round_bed
	else (max.y - 5.0) %}
	
	_CLIENT_RETRACT
	{% if "xyz" in printer.toolhead.homed_axes %}
	G90
	G1 Z{z_park} F{sp_hop}
	G1 X{x_park} Y{y_park} F{sp_move}
	{% if not printer.gcode_move.absolute_coordinates %} G91 {% endif %}
	{% else %}
	RESPOND TYPE=echo MSG='Printer not homed'
	{% endif %}

[gcode_macro _CLIENT_EXTRUDE]
description = Extrudes, if the extruder is hot enough
gcode = 
	
	{% set client = printer['gcode_macro _CLIENT_VARIABLE']|default({}) %}
	{% set use_fw_retract = (client.use_fw_retract|default(false)|lower == 'true') and (printer.firmware_retraction is defined) %}
	{% set length = params.LENGTH|default(client.unretract)|default(1.0)|float %}
	{% set speed = params.SPEED|default(client.speed_unretract)|default(35) %}
	{% set absolute_extrude = printer.gcode_move.absolute_extrude %}
	
	{% if printer.toolhead.extruder != '' %}
	{% if printer[printer.toolhead.extruder].can_extrude %}
	{% if use_fw_retract %}
	{% if length < 0 %}
	G10
	{% else %}
	G11
	{% endif %}
	{% else %}
	M83
	G1 E{length} F{(speed|float|abs) * 60}
	{% if absolute_extrude %}
	M82
	{% endif %}
	{% endif %}
	{% else %}
	RESPOND TYPE=echo MSG='Extruder not hot enough'
	{% endif %}
	{% endif %}

[gcode_macro _CLIENT_RETRACT]
description = Retracts, if the extruder is hot enough
gcode = 
	{% set client = printer['gcode_macro _CLIENT_VARIABLE']|default({}) %}
	{% set length = params.LENGTH|default(client.retract)|default(1.0)|float %}
	{% set speed = params.SPEED|default(client.speed_retract)|default(35) %}
	
	_CLIENT_EXTRUDE LENGTH=-{length|float|abs} SPEED={speed|float|abs}

[stepper_x]
step_pin = PB8
dir_pin = !PB7
enable_pin = !PC3
rotation_distance = 40
microsteps = 16
endstop_pin = PC4
position_min = -5
position_endstop = -5
position_max = 235
homing_speed = 50

[stepper_y]
step_pin = PB6
dir_pin = PB5
enable_pin = !PC3
rotation_distance = 40
microsteps = 16
endstop_pin = PC5
position_min = -2
position_endstop = -2
position_max = 235
homing_speed = 50

[stepper_z]
step_pin = PB4
dir_pin = !PB3
enable_pin = !PC3
rotation_distance = 8
microsteps = 16
endstop_pin = probe:z_virtual_endstop
position_min = -1.5
position_max = 250
homing_speed = 4
second_homing_speed = 1
homing_retract_dist = 2.0

[extruder]
max_extrude_only_distance = 1000.0
step_pin = PC2
dir_pin = !PB9
enable_pin = !PC3
microsteps = 16
rotation_distance = 33.68
nozzle_diameter = 0.400
filament_diameter = 1.750
heater_pin = PB14
sensor_type = EPCOS 100K B57560G104F
sensor_pin = PB1
min_temp = 0
max_temp = 275
control = pid
pid_kp = 27.962
pid_ki = 1.567
pid_kd = 124.781

[heater_bed]
heater_pin = PB13
sensor_type = EPCOS 100K B57560G104F
sensor_pin = PB0
min_temp = 0
max_temp = 120
control = pid
pid_kp = 73.619
pid_ki = 2.080
pid_kd = 651.529

[fan]
pin = PB15
kick_start_time = 0.5

[mcu]
serial = /dev/serial/by-id/usb-1a86_USB_Serial-if00-port0
restart_method = command

[probe]
pin = PA4
x_offset = 0.0
y_offset = 0.0
z_offset = -0.25
speed = 1
lift_speed = 5
samples_tolerance = 0.05
samples_tolerance_retries = 2
samples = 5
activate_gcode = 
	TARE_PROBE

[output_pin probe_tare]
pin = !PA5
value = 1

[output_pin probe_enable]
pin = PB2

[filament_switch_sensor filament_sensor]
pause_on_runout = true
switch_pin = ^!PA7

[output_pin LED_pin]
pin = PA6

[printer]
kinematics = cartesian
max_velocity = 350
max_accel = 500
max_accel_to_decel = 500
square_corner_velocity = 5
max_z_velocity = 5
max_z_accel = 100

[gcode_arcs]

[bed_mesh default]
version = 1
points = 
	0.075500, 0.061000, 0.070500, 0.055000, -0.016500, -0.067500
	0.115500, 0.090000, 0.081500, 0.081500, 0.044000, -0.007500
	0.118500, 0.090000, 0.069500, 0.063000, 0.020000, 0.013500
	0.173500, 0.131500, 0.109000, 0.107000, 0.083000, 0.026500
	0.208500, 0.177000, 0.155000, 0.138500, 0.101000, 0.042500
	0.163500, 0.149000, 0.152000, 0.156000, 0.108500, 0.043500
x_count = 6
y_count = 6
mesh_x_pps = 2
mesh_y_pps = 2
algo = lagrange
tension = 0.2
min_x = 5.0
max_x = 230.0
min_y = 5.0
max_y = 230.0
=======================
Extruder max_extrude_ratio=0.266081
mcu 'mcu': Starting serial connect
mcu 'mcu': Unable to open serial port: [Errno 2] could not open port /dev/serial/by-id/usb-1a86_USB_Serial-if00-port0: [Errno 2] No such file or directory: '/dev/serial/by-id/usb-1a86_USB_Serial-if00-port0'
mcu 'mcu': Unable to open serial port: [Errno 2] could not open port /dev/serial/by-id/usb-1a86_USB_Serial-if00-port0: [Errno 2] No such file or directory: '/dev/serial/by-id/usb-1a86_USB_Serial-if00-port0'
webhooks client 1965907848: New connection
webhooks client 1965907848: Client info {'program': 'Moonraker', 'version': 'v0.8.0-149-g3ccf02c'}
mcu 'mcu': Unable to open serial port: [Errno 2] could not open port /dev/serial/by-id/usb-1a86_USB_Serial-if00-port0: [Errno 2] No such file or directory: '/dev/serial/by-id/usb-1a86_USB_Serial-if00-port0'
mcu 'mcu': Unable to open serial port: [Errno 2] could not open port /dev/serial/by-id/usb-1a86_USB_Serial-if00-port0: [Errno 2] No such file or directory: '/dev/serial/by-id/usb-1a86_USB_Serial-if00-port0'
mcu 'mcu': Unable to open serial port: [Errno 2] could not open port /dev/serial/by-id/usb-1a86_USB_Serial-if00-port0: [Errno 2] No such file or directory: '/dev/serial/by-id/usb-1a86_USB_Serial-if00-port0'
mcu 'mcu': Unable to open serial port: [Errno 2] could not open port /dev/serial/by-id/usb-1a86_USB_Serial-if00-port0: [Errno 2] No such file or directory: '/dev/serial/by-id/usb-1a86_USB_Serial-if00-port0'
mcu 'mcu': Unable to open serial port: [Errno 2] could not open port /dev/serial/by-id/usb-1a86_USB_Serial-if00-port0: [Errno 2] No such file or directory: '/dev/serial/by-id/usb-1a86_USB_Serial-if00-port0'
mcu 'mcu': Unable to open serial port: [Errno 2] could not open port /dev/serial/by-id/usb-1a86_USB_Serial-if00-port0: [Errno 2] No such file or directory: '/dev/serial/by-id/usb-1a86_USB_Serial-if00-port0'
mcu 'mcu': Unable to open serial port: [Errno 2] could not open port /dev/serial/by-id/usb-1a86_USB_Serial-if00-port0: [Errno 2] No such file or directory: '/dev/serial/by-id/usb-1a86_USB_Serial-if00-port0'
mcu 'mcu': Unable to open serial port: [Errno 2] could not open port /dev/serial/by-id/usb-1a86_USB_Serial-if00-port0: [Errno 2] No such file or directory: '/dev/serial/by-id/usb-1a86_USB_Serial-if00-port0'
mcu 'mcu': Unable to open serial port: [Errno 2] could not open port /dev/serial/by-id/usb-1a86_USB_Serial-if00-port0: [Errno 2] No such file or directory: '/dev/serial/by-id/usb-1a86_USB_Serial-if00-port0'
mcu 'mcu': Unable to open serial port: [Errno 2] could not open port /dev/serial/by-id/usb-1a86_USB_Serial-if00-port0: [Errno 2] No such file or directory: '/dev/serial/by-id/usb-1a86_USB_Serial-if00-port0'
mcu 'mcu': Unable to open serial port: [Errno 2] could not open port /dev/serial/by-id/usb-1a86_USB_Serial-if00-port0: [Errno 2] No such file or directory: '/dev/serial/by-id/usb-1a86_USB_Serial-if00-port0'
mcu 'mcu': Unable to open serial port: [Errno 2] could not open port /dev/serial/by-id/usb-1a86_USB_Serial-if00-port0: [Errno 2] No such file or directory: '/dev/serial/by-id/usb-1a86_USB_Serial-if00-port0'
mcu 'mcu': Unable to open serial port: [Errno 2] could not open port /dev/serial/by-id/usb-1a86_USB_Serial-if00-port0: [Errno 2] No such file or directory: '/dev/serial/by-id/usb-1a86_USB_Serial-if00-port0'
mcu 'mcu': Unable to open serial port: [Errno 2] could not open port /dev/serial/by-id/usb-1a86_USB_Serial-if00-port0: [Errno 2] No such file or directory: '/dev/serial/by-id/usb-1a86_USB_Serial-if00-port0'
mcu 'mcu': Unable to open serial port: [Errno 2] could not open port /dev/serial/by-id/usb-1a86_USB_Serial-if00-port0: [Errno 2] No such file or directory: '/dev/serial/by-id/usb-1a86_USB_Serial-if00-port0'
mcu 'mcu': Unable to open serial port: [Errno 2] could not open port /dev/serial/by-id/usb-1a86_USB_Serial-if00-port0: [Errno 2] No such file or directory: '/dev/serial/by-id/usb-1a86_USB_Serial-if00-port0'
MCU error during connect
Traceback (most recent call last):
  File "/home/alchemist/klipper/klippy/mcu.py", line 800, in _mcu_identify
    self._serial.connect_uart(self._serialport, self._baud, rts)
  File "/home/alchemist/klipper/klippy/serialhdl.py", line 182, in connect_uart
    self._error("Unable to connect")
  File "/home/alchemist/klipper/klippy/serialhdl.py", line 61, in _error
    raise error(self.warn_prefix + (msg % params))
serialhdl.error: mcu 'mcu': Unable to connect

During handling of the above exception, another exception occurred:

Traceback (most recent call last):
  File "/home/alchemist/klipper/klippy/klippy.py", line 176, in _connect
    self.send_event("klippy:mcu_identify")
  File "/home/alchemist/klipper/klippy/klippy.py", line 263, in send_event
    return [cb(*params) for cb in self.event_handlers.get(event, [])]
  File "/home/alchemist/klipper/klippy/klippy.py", line 263, in <listcomp>
    return [cb(*params) for cb in self.event_handlers.get(event, [])]
  File "/home/alchemist/klipper/klippy/mcu.py", line 805, in _mcu_identify
    raise error(str(e))
mcu.error: mcu 'mcu': Unable to connect
Build file /home/alchemist/klipper/klippy/../.config(2626): Wed Oct  4 23:00:35 2023
========= Last MCU build config =========
# CONFIG_LOW_LEVEL_OPTIONS is not set
# CONFIG_MACH_AVR is not set
# CONFIG_MACH_ATSAM is not set
# CONFIG_MACH_ATSAMD is not set
# CONFIG_MACH_LPC176X is not set
CONFIG_MACH_STM32=y
# CONFIG_MACH_HC32F460 is not set
# CONFIG_MACH_RP2040 is not set
# CONFIG_MACH_PRU is not set
# CONFIG_MACH_AR100 is not set
# CONFIG_MACH_LINUX is not set
# CONFIG_MACH_SIMU is not set
CONFIG_BOARD_DIRECTORY="stm32"
CONFIG_MCU="stm32f103xe"
CONFIG_CLOCK_FREQ=72000000
CONFIG_SERIAL=y
CONFIG_FLASH_SIZE=0x10000
CONFIG_FLASH_BOOT_ADDRESS=0x8000000
CONFIG_RAM_START=0x20000000
CONFIG_RAM_SIZE=0x5000
CONFIG_STACK_SIZE=512
CONFIG_FLASH_APPLICATION_ADDRESS=0x8007000
CONFIG_STM32_SELECT=y
CONFIG_MACH_STM32F103=y
# CONFIG_MACH_STM32F207 is not set
# CONFIG_MACH_STM32F401 is not set
# CONFIG_MACH_STM32F405 is not set
# CONFIG_MACH_STM32F407 is not set
# CONFIG_MACH_STM32F429 is not set
# CONFIG_MACH_STM32F446 is not set
# CONFIG_MACH_STM32F765 is not set
# CONFIG_MACH_STM32F031 is not set
# CONFIG_MACH_STM32F042 is not set
# CONFIG_MACH_STM32F070 is not set
# CONFIG_MACH_STM32F072 is not set
# CONFIG_MACH_STM32G070 is not set
# CONFIG_MACH_STM32G071 is not set
# CONFIG_MACH_STM32G0B0 is not set
# CONFIG_MACH_STM32G0B1 is not set
# CONFIG_MACH_STM32G431 is not set
# CONFIG_MACH_STM32H723 is not set
# CONFIG_MACH_STM32H743 is not set
# CONFIG_MACH_STM32H750 is not set
# CONFIG_MACH_STM32L412 is not set
# CONFIG_MACH_N32G452 is not set
# CONFIG_MACH_N32G455 is not set
CONFIG_MACH_STM32F1=y
CONFIG_HAVE_STM32_USBFS=y
CONFIG_HAVE_STM32_CANBUS=y
CONFIG_STM32_DFU_ROM_ADDRESS=0
# CONFIG_STM32_FLASH_START_2000 is not set
# CONFIG_STM32_FLASH_START_5000 is not set
CONFIG_STM32_FLASH_START_7000=y
# CONFIG_STM32_FLASH_START_8000 is not set
# CONFIG_STM32_FLASH_START_8800 is not set
# CONFIG_STM32_FLASH_START_10000 is not set
# CONFIG_STM32_FLASH_START_800 is not set
# CONFIG_STM32_FLASH_START_1000 is not set
# CONFIG_STM32_FLASH_START_4000 is not set
# CONFIG_STM32_FLASH_START_0000 is not set
CONFIG_CLOCK_REF_FREQ=8000000
CONFIG_STM32F0_TRIM=16
# CONFIG_STM32_USB_PA11_PA12 is not set
CONFIG_STM32_SERIAL_USART1=y
# CONFIG_STM32_CANBUS_PA11_PA12 is not set
# CONFIG_STM32_CANBUS_PA11_PB9 is not set
CONFIG_SERIAL_BAUD=250000
CONFIG_USB_VENDOR_ID=0x1d50
CONFIG_USB_DEVICE_ID=0x614e
CONFIG_USB_SERIAL_NUMBER="12345"
CONFIG_CANBUS_FREQUENCY=500000
CONFIG_HAVE_GPIO=y
CONFIG_HAVE_GPIO_ADC=y
CONFIG_HAVE_GPIO_SPI=y
CONFIG_HAVE_GPIO_I2C=y
CONFIG_HAVE_GPIO_HARD_PWM=y
CONFIG_HAVE_GPIO_BITBANGING=y
CONFIG_HAVE_STRICT_TIMING=y
CONFIG_HAVE_CHIPID=y
CONFIG_HAVE_STEPPER_BOTH_EDGE=y
CONFIG_HAVE_BOOTLOADER_REQUEST=y
CONFIG_INLINE_STEPPER_HACK=y
=======================
Build file /home/alchemist/klipper/klippy/../out/klipper.dict(7544): Wed Oct  4 23:01:18 2023
Last MCU build version: v0.11.0-205-g5f0d252b
Last MCU build tools: gcc: (15:8-2019-q3-1+b1) 8.3.1 20190703 (release) [gcc-8-branch revision 273027] binutils: (2.34-4+rpi1+14) 2.34
Last MCU build config: ADC_MAX=4095 BUS_PINS_i2c1=PB6,PB7 BUS_PINS_i2c1a=PB8,PB9 BUS_PINS_i2c2=PB10,PB11 BUS_PINS_spi1=PA6,PA7,PA5 BUS_PINS_spi1a=PB4,PB5,PB3 BUS_PINS_spi2=PB14,PB15,PB13 BUS_PINS_spi3=PB4,PB5,PB3 CLOCK_FREQ=72000000 MCU=stm32f103xe PWM_MAX=255 RECEIVE_WINDOW=192 RESERVE_PINS_serial=PA10,PA9 SERIAL_BAUD=250000 STATS_SUMSQ_BASE=256 STEPPER_BOTH_EDGE=1
Build file /home/alchemist/klipper/klippy/../out/klipper.elf(997332): Wed Oct  4 23:01:37 2023
webhooks client 1965907848: Disconnected
Starting Klippy...
Args: ['/home/alchemist/klipper/klippy/klippy.py', '/home/alchemist/printer_data/config/printer.cfg', '-l', '/home/alchemist/printer_data/logs/klippy.log', '-I', '/home/alchemist/printer_data/comms/klippy.serial', '-a', '/home/alchemist/printer_data/comms/klippy.sock']
Git version: 'v0.11.0-291-g6adff395-dirty'
Untracked files: klippy/extras/gcode_shell_command.py
Branch: master
Remote: origin
Tracked URL: https://github.com/Klipper3d/klipper.git
CPU: 4 core ARMv7 Processor rev 4 (v7l)
Python: '3.9.2 (default, Mar 12 2021, 04:06:34) \n[GCC 10.2.1 20210110]'
Start printer at Sun Oct 29 13:59:50 2023 (1698548390.4 23.8)
===== Config file =====
[bed_mesh]
speed = 100
horizontal_move_z = 5
mesh_min = 5,5
mesh_max = 230,230
probe_count = 6,6
fade_start = 1
fade_end = 10
fade_target = 0

[safe_z_home]
home_xy_position = 117.5,117.5
z_hop = 10

[force_move]
enable_force_move = True

[gcode_macro TARE_PROBE]
gcode = 
	M104 S0
	SET_PIN PIN=probe_tare VALUE=0
	G4 P250
	SET_PIN PIN=probe_tare VALUE=1
	G4 P250
	{action_respond_info("Probe tared")}

[gcode_macro RUN_ABL]
gcode = 
	M190 S60
	G28
	M104 S0
	BED_MESH_CALIBRATE
	SAVE_CONFIG
	M140 S0
	M104 S0

[gcode_macro START_PRINT]
gcode = 
	{% set toolTemp = params.HOTEND_TEMP|int %}
	{% set bedTemp = params.BED_TEMP|int %}
	SET_GCODE_OFFSET Z=0
	{% if toolTemp >= 221 %}
	SET_GCODE_OFFSET Z=0.03
	{% endif %}
	SET_HEATER_TEMPERATURE HEATER=heater_bed TARGET={bedTemp}
	SET_HEATER_TEMPERATURE HEATER=extruder TARGET=150
	M82
	M220 S100
	M221 S100
	SET_VELOCITY_LIMIT VELOCITY=200 ACCEL=1000 ACCEL_TO_DECEL=500 SQUARE_CORNER_VELOCITY=5
	
	
	G28
	SET_HEATER_TEMPERATURE HEATER=extruder TARGET=150
	TEMPERATURE_WAIT SENSOR=heater_bed MINIMUM={bedTemp -15}
	TEMPERATURE_WAIT SENSOR=extruder MINIMUM=140
	SET_HEATER_TEMPERATURE HEATER=extruder TARGET=0
	G28	Z
	SET_HEATER_TEMPERATURE HEATER=extruder TARGET={toolTemp -70}
	
	
	G90
	G0 Z20
	G0 X0 Y0
	TEMPERATURE_WAIT SENSOR=heater_bed MINIMUM={bedTemp - 10}
	SET_HEATER_TEMPERATURE HEATER=extruder TARGET={toolTemp}
	TEMPERATURE_WAIT SENSOR=extruder MINIMUM={toolTemp - 1}
	
	
	G92 E0
	G1 Z2.0 F3000
	G1 X0 Y20 Z0.28
	G1 X0 Y200.0 Z0.28 E15
	G1 X0 Y200.0 Z0.28
	G1 X0.5 Y20 Z0.28 E30
	G92 E0
	G1 Z2.0 F3000

[gcode_macro END_PRINT]
gcode = 
	M106 S255
	G91
	G1 E-0.5 F2700
	G1 E-0.5 Z0.2 F2400
	G1 X5 Y5 F5000
	G1 Z10
	G90
	G1 X0 Y225
	TURN_OFF_HEATERS
	G91
	G4 S30
	G1 E-0.5 F2700
	G4 S30
	G1 E-0.5 F2700
	G90
	M84 X Y E
	M82
	TEMPERATURE_WAIT SENSOR=heater_bed MAXIMUM=50
	TEMPERATURE_WAIT SENSOR=extruder MAXIMUM=50
	M106 S0

[gcode_macro TIMELAPSE_TAKE_FRAME]
gcode = 
	{action_call_remote_method("timelapse_newframe")}

[gcode_macro TIMELAPSE_RENDER]
gcode = 
	{action_call_remote_method("timelapse_render")}

[gcode_macro LOAD_FILAMENT]
gcode = 
	{% set act_z = printer.toolhead.position.z|float %}
	{% if act_z < 30.0 %}
	G0 Z30
	{% endif %}
	M83
	G1 E45 F1000
	G1 E30 F300
	G1 E50 F150
	
	G1 E-0.5 F500
	
	M82

[gcode_macro UNLOAD_FILAMENT]
gcode = 
	{% set act_z = printer.toolhead.position.z|float %}
	{% if act_z < 30.0 %}
	G0 Z30
	{% endif %}
	M83
	G1 E5 F300
	G1 E-100 F1000
	M82

[gcode_macro Hotend_Cleaning]
gcode = 
	M83
	G1 E45 F1000
	G1 E30 F300
	G1 E50 F150
	G1 E-100 F1000
	M82

[gcode_macro M204]
rename_existing = M204.1
gcode = 
	{% if params.S is defined %}
	{% set s = params.S|float %}
	SET_VELOCITY_LIMIT ACCEL={s} ACCEL_TO_DECEL={s/2}
	{% endif %}

[gcode_macro M900]
gcode = 
	{% if params.K is defined %}
	{% set K = params.K|float %}
	SET_PRESSURE_ADVANCE ADVANCE={K}
	{% endif %}

[virtual_sdcard]
path = ~/printer_data/gcodes
on_error_gcode = CANCEL_PRINT

[pause_resume]

[display_status]

[respond]

[gcode_macro CANCEL_PRINT]
description = Cancel the actual running print
rename_existing = CANCEL_PRINT_BASE
gcode = 
	
	{% set client = printer['gcode_macro _CLIENT_VARIABLE']|default({}) %}
	{% set allow_park = client.park_at_cancel|default(false)|lower == 'true' %}
	{% set retract = client.cancel_retract|default(5.0)|abs %}
	
	{% set park_x = "" if (client.park_at_cancel_x|default(none) is none)
	else "X=" ~ client.park_at_cancel_x %}
	{% set park_y = "" if (client.park_at_cancel_y|default(none) is none)
	else "Y=" ~ client.park_at_cancel_y %}
	{% set custom_park = park_x|length > 0 or park_y|length > 0 %}
	
	
	{% if printer['gcode_macro PAUSE'].restore_idle_timeout > 0 %}
	SET_IDLE_TIMEOUT TIMEOUT={printer['gcode_macro PAUSE'].restore_idle_timeout}
	{% endif %}
	{% if (custom_park or not printer.pause_resume.is_paused) and allow_park %} _TOOLHEAD_PARK_PAUSE_CANCEL {park_x} {park_y} {% endif %}
	_CLIENT_RETRACT LENGTH={retract}
	TURN_OFF_HEATERS
	M106 S0
	
	SET_PAUSE_NEXT_LAYER ENABLE=0
	SET_PAUSE_AT_LAYER ENABLE=0 LAYER=0
	CANCEL_PRINT_BASE

[gcode_macro PAUSE]
description = Pause the actual running print
rename_existing = PAUSE_BASE
variable_restore_idle_timeout = 0
gcode = 
	
	{% set client = printer['gcode_macro _CLIENT_VARIABLE']|default({}) %}
	{% set idle_timeout = client.idle_timeout|default(0) %}
	{% set temp = printer[printer.toolhead.extruder].target if printer.toolhead.extruder != '' else 0%}
	{% set restore = False if printer.toolhead.extruder == ''
	else True  if params.RESTORE|default(1)|int == 1 else False %}
	
	SET_GCODE_VARIABLE MACRO=RESUME VARIABLE=last_extruder_temp VALUE="{{'restore': restore, 'temp': temp}}"
	
	{% if idle_timeout > 0 %}
	SET_GCODE_VARIABLE MACRO=PAUSE VARIABLE=restore_idle_timeout VALUE={printer.configfile.settings.idle_timeout.timeout}
	SET_IDLE_TIMEOUT TIMEOUT={idle_timeout}
	{% endif %}
	PAUSE_BASE
	_TOOLHEAD_PARK_PAUSE_CANCEL {rawparams}

[gcode_macro RESUME]
description = Resume the actual running print
rename_existing = RESUME_BASE
variable_last_extruder_temp = {'restore': False, 'temp': 0}
gcode = 
	
	{% set client = printer['gcode_macro _CLIENT_VARIABLE']|default({}) %}
	{% set velocity = printer.configfile.settings.pause_resume.recover_velocity %}
	{% set sp_move = client.speed_move|default(velocity) %}
	
	
	{% if printer['gcode_macro PAUSE'].restore_idle_timeout > 0 %}
	SET_IDLE_TIMEOUT TIMEOUT={printer['gcode_macro PAUSE'].restore_idle_timeout}
	{% endif %}
	{% if printer.idle_timeout.state|upper == "IDLE" %}
	{% if last_extruder_temp.restore %} M109 S{last_extruder_temp.temp} {% endif %}
	{% endif %}
	_CLIENT_EXTRUDE
	RESUME_BASE VELOCITY={params.VELOCITY|default(sp_move)}

[gcode_macro SET_PAUSE_NEXT_LAYER]
description = Enable a pause if the next layer is reached
gcode = 
	{% set pause_next_layer = printer['gcode_macro SET_PRINT_STATS_INFO'].pause_next_layer %}
	{% set ENABLE = params.ENABLE|default(1)|int != 0 %}
	{% set MACRO = params.MACRO|default(pause_next_layer.call, True) %}
	SET_GCODE_VARIABLE MACRO=SET_PRINT_STATS_INFO VARIABLE=pause_next_layer VALUE="{{ 'enable': ENABLE, 'call': MACRO }}"

[gcode_macro SET_PAUSE_AT_LAYER]
description = Enable/disable a pause if a given layer number is reached
gcode = 
	{% set pause_at_layer = printer['gcode_macro SET_PRINT_STATS_INFO'].pause_at_layer %}
	{% set ENABLE = params.ENABLE|int != 0 if params.ENABLE is defined
	else params.LAYER is defined %}
	{% set LAYER = params.LAYER|default(pause_at_layer.layer)|int %}
	{% set MACRO = params.MACRO|default(pause_at_layer.call, True) %}
	SET_GCODE_VARIABLE MACRO=SET_PRINT_STATS_INFO VARIABLE=pause_at_layer VALUE="{{ 'enable': ENABLE, 'layer': LAYER, 'call': MACRO }}"

[gcode_macro SET_PRINT_STATS_INFO]
rename_existing = SET_PRINT_STATS_INFO_BASE
description = Overwrite, to get pause_next_layer and pause_at_layer feature
variable_pause_next_layer = { 'enable': False, 'call': "PAUSE" }
variable_pause_at_layer = { 'enable': False, 'layer': 0, 'call': "PAUSE" }
gcode = 
	{% if pause_next_layer.enable %}
	RESPOND TYPE=echo MSG='{"%s, forced by pause_next_layer" % pause_next_layer.call}'
	{pause_next_layer.call}
	SET_PAUSE_NEXT_LAYER ENABLE=0
	{% elif pause_at_layer.enable and params.CURRENT_LAYER is defined and params.CURRENT_LAYER|int == pause_at_layer.layer %}
	RESPOND TYPE=echo MSG='{"%s, forced by pause_at_layer [%d]" % (pause_at_layer.call, pause_at_layer.layer)}'
	{pause_at_layer.call}
	SET_PAUSE_AT_LAYER ENABLE=0
	{% endif %}
	SET_PRINT_STATS_INFO_BASE {rawparams}

[gcode_macro _TOOLHEAD_PARK_PAUSE_CANCEL]
description = Helper: park toolhead used in PAUSE and CANCEL_PRINT
gcode = 
	
	{% set client = printer['gcode_macro _CLIENT_VARIABLE']|default({}) %}
	{% set velocity = printer.configfile.settings.pause_resume.recover_velocity %}
	{% set use_custom     = client.use_custom_pos|default(false)|lower == 'true' %}
	{% set custom_park_x  = client.custom_park_x|default(0.0) %}
	{% set custom_park_y  = client.custom_park_y|default(0.0) %}
	{% set park_dz        = client.custom_park_dz|default(2.0)|abs %}
	{% set sp_hop         = client.speed_hop|default(15) * 60 %}
	{% set sp_move        = client.speed_move|default(velocity) * 60 %}
	
	{% set origin    = printer.gcode_move.homing_origin %}
	{% set act       = printer.gcode_move.gcode_position %}
	{% set max       = printer.toolhead.axis_maximum %}
	{% set cone      = printer.toolhead.cone_start_z|default(max.z) %}
	{% set round_bed = True if printer.configfile.settings.printer.kinematics is in ['delta','polar','rotary_delta','winch']
	else False %}
	
	{% set z_min = params.Z_MIN|default(0)|float %}
	{% set z_park = [[(act.z + park_dz), z_min]|max, (max.z - origin.z)]|min %}
	{% set x_park = params.X       if params.X is defined
	else custom_park_x  if use_custom
	else 0.0            if round_bed
	else (max.x - 5.0) %}
	{% set y_park = params.Y       if params.Y is defined
	else custom_park_y  if use_custom
	else (max.y - 5.0)  if round_bed and z_park < cone
	else 0.0            if round_bed
	else (max.y - 5.0) %}
	
	_CLIENT_RETRACT
	{% if "xyz" in printer.toolhead.homed_axes %}
	G90
	G1 Z{z_park} F{sp_hop}
	G1 X{x_park} Y{y_park} F{sp_move}
	{% if not printer.gcode_move.absolute_coordinates %} G91 {% endif %}
	{% else %}
	RESPOND TYPE=echo MSG='Printer not homed'
	{% endif %}

[gcode_macro _CLIENT_EXTRUDE]
description = Extrudes, if the extruder is hot enough
gcode = 
	
	{% set client = printer['gcode_macro _CLIENT_VARIABLE']|default({}) %}
	{% set use_fw_retract = (client.use_fw_retract|default(false)|lower == 'true') and (printer.firmware_retraction is defined) %}
	{% set length = params.LENGTH|default(client.unretract)|default(1.0)|float %}
	{% set speed = params.SPEED|default(client.speed_unretract)|default(35) %}
	{% set absolute_extrude = printer.gcode_move.absolute_extrude %}
	
	{% if printer.toolhead.extruder != '' %}
	{% if printer[printer.toolhead.extruder].can_extrude %}
	{% if use_fw_retract %}
	{% if length < 0 %}
	G10
	{% else %}
	G11
	{% endif %}
	{% else %}
	M83
	G1 E{length} F{(speed|float|abs) * 60}
	{% if absolute_extrude %}
	M82
	{% endif %}
	{% endif %}
	{% else %}
	RESPOND TYPE=echo MSG='Extruder not hot enough'
	{% endif %}
	{% endif %}

[gcode_macro _CLIENT_RETRACT]
description = Retracts, if the extruder is hot enough
gcode = 
	{% set client = printer['gcode_macro _CLIENT_VARIABLE']|default({}) %}
	{% set length = params.LENGTH|default(client.retract)|default(1.0)|float %}
	{% set speed = params.SPEED|default(client.speed_retract)|default(35) %}
	
	_CLIENT_EXTRUDE LENGTH=-{length|float|abs} SPEED={speed|float|abs}

[stepper_x]
step_pin = PB8
dir_pin = !PB7
enable_pin = !PC3
rotation_distance = 40
microsteps = 16
endstop_pin = PC4
position_min = -5
position_endstop = -5
position_max = 235
homing_speed = 50

[stepper_y]
step_pin = PB6
dir_pin = PB5
enable_pin = !PC3
rotation_distance = 40
microsteps = 16
endstop_pin = PC5
position_min = -2
position_endstop = -2
position_max = 235
homing_speed = 50

[stepper_z]
step_pin = PB4
dir_pin = !PB3
enable_pin = !PC3
rotation_distance = 8
microsteps = 16
endstop_pin = probe:z_virtual_endstop
position_min = -1.5
position_max = 250
homing_speed = 4
second_homing_speed = 1
homing_retract_dist = 2.0

[extruder]
max_extrude_only_distance = 1000.0
step_pin = PC2
dir_pin = !PB9
enable_pin = !PC3
microsteps = 16
rotation_distance = 33.68
nozzle_diameter = 0.400
filament_diameter = 1.750
heater_pin = PB14
sensor_type = EPCOS 100K B57560G104F
sensor_pin = PB1
min_temp = 0
max_temp = 275
control = pid
pid_kp = 27.962
pid_ki = 1.567
pid_kd = 124.781

[heater_bed]
heater_pin = PB13
sensor_type = EPCOS 100K B57560G104F
sensor_pin = PB0
min_temp = 0
max_temp = 120
control = pid
pid_kp = 73.619
pid_ki = 2.080
pid_kd = 651.529

[fan]
pin = PB15
kick_start_time = 0.5

[mcu]
serial = /dev/serial/by-id/usb-1a86_USB_Serial-if00-port0
restart_method = command

[probe]
pin = PA4
x_offset = 0.0
y_offset = 0.0
z_offset = -0.25
speed = 1
lift_speed = 5
samples_tolerance = 0.05
samples_tolerance_retries = 2
samples = 5
activate_gcode = 
	TARE_PROBE

[output_pin probe_tare]
pin = !PA5
value = 1

[output_pin probe_enable]
pin = PB2

[filament_switch_sensor filament_sensor]
pause_on_runout = true
switch_pin = ^!PA7

[output_pin LED_pin]
pin = PA6

[printer]
kinematics = cartesian
max_velocity = 350
max_accel = 500
max_accel_to_decel = 500
square_corner_velocity = 5
max_z_velocity = 5
max_z_accel = 100

[gcode_arcs]

[bed_mesh default]
version = 1
points = 
	0.075500, 0.061000, 0.070500, 0.055000, -0.016500, -0.067500
	0.115500, 0.090000, 0.081500, 0.081500, 0.044000, -0.007500
	0.118500, 0.090000, 0.069500, 0.063000, 0.020000, 0.013500
	0.173500, 0.131500, 0.109000, 0.107000, 0.083000, 0.026500
	0.208500, 0.177000, 0.155000, 0.138500, 0.101000, 0.042500
	0.163500, 0.149000, 0.152000, 0.156000, 0.108500, 0.043500
x_count = 6
y_count = 6
mesh_x_pps = 2
mesh_y_pps = 2
algo = lagrange
tension = 0.2
min_x = 5.0
max_x = 230.0
min_y = 5.0
max_y = 230.0
=======================
Extruder max_extrude_ratio=0.266081
mcu 'mcu': Starting serial connect
mcu 'mcu': Unable to open serial port: [Errno 2] could not open port /dev/serial/by-id/usb-1a86_USB_Serial-if00-port0: [Errno 2] No such file or directory: '/dev/serial/by-id/usb-1a86_USB_Serial-if00-port0'
mcu 'mcu': Unable to open serial port: [Errno 2] could not open port /dev/serial/by-id/usb-1a86_USB_Serial-if00-port0: [Errno 2] No such file or directory: '/dev/serial/by-id/usb-1a86_USB_Serial-if00-port0'
webhooks client 1965907848: New connection
webhooks client 1965907848: Client info {'program': 'Moonraker', 'version': 'v0.8.0-149-g3ccf02c'}
mcu 'mcu': Unable to open serial port: [Errno 2] could not open port /dev/serial/by-id/usb-1a86_USB_Serial-if00-port0: [Errno 2] No such file or directory: '/dev/serial/by-id/usb-1a86_USB_Serial-if00-port0'
mcu 'mcu': Unable to open serial port: [Errno 2] could not open port /dev/serial/by-id/usb-1a86_USB_Serial-if00-port0: [Errno 2] No such file or directory: '/dev/serial/by-id/usb-1a86_USB_Serial-if00-port0'
mcu 'mcu': Unable to open serial port: [Errno 2] could not open port /dev/serial/by-id/usb-1a86_USB_Serial-if00-port0: [Errno 2] No such file or directory: '/dev/serial/by-id/usb-1a86_USB_Serial-if00-port0'
mcu 'mcu': Unable to open serial port: [Errno 2] could not open port /dev/serial/by-id/usb-1a86_USB_Serial-if00-port0: [Errno 2] No such file or directory: '/dev/serial/by-id/usb-1a86_USB_Serial-if00-port0'
mcu 'mcu': Unable to open serial port: [Errno 2] could not open port /dev/serial/by-id/usb-1a86_USB_Serial-if00-port0: [Errno 2] No such file or directory: '/dev/serial/by-id/usb-1a86_USB_Serial-if00-port0'
mcu 'mcu': Unable to open serial port: [Errno 2] could not open port /dev/serial/by-id/usb-1a86_USB_Serial-if00-port0: [Errno 2] No such file or directory: '/dev/serial/by-id/usb-1a86_USB_Serial-if00-port0'
mcu 'mcu': Unable to open serial port: [Errno 2] could not open port /dev/serial/by-id/usb-1a86_USB_Serial-if00-port0: [Errno 2] No such file or directory: '/dev/serial/by-id/usb-1a86_USB_Serial-if00-port0'
mcu 'mcu': Unable to open serial port: [Errno 2] could not open port /dev/serial/by-id/usb-1a86_USB_Serial-if00-port0: [Errno 2] No such file or directory: '/dev/serial/by-id/usb-1a86_USB_Serial-if00-port0'
mcu 'mcu': Unable to open serial port: [Errno 2] could not open port /dev/serial/by-id/usb-1a86_USB_Serial-if00-port0: [Errno 2] No such file or directory: '/dev/serial/by-id/usb-1a86_USB_Serial-if00-port0'
mcu 'mcu': Unable to open serial port: [Errno 2] could not open port /dev/serial/by-id/usb-1a86_USB_Serial-if00-port0: [Errno 2] No such file or directory: '/dev/serial/by-id/usb-1a86_USB_Serial-if00-port0'
mcu 'mcu': Unable to open serial port: [Errno 2] could not open port /dev/serial/by-id/usb-1a86_USB_Serial-if00-port0: [Errno 2] No such file or directory: '/dev/serial/by-id/usb-1a86_USB_Serial-if00-port0'
mcu 'mcu': Unable to open serial port: [Errno 2] could not open port /dev/serial/by-id/usb-1a86_USB_Serial-if00-port0: [Errno 2] No such file or directory: '/dev/serial/by-id/usb-1a86_USB_Serial-if00-port0'
mcu 'mcu': Unable to open serial port: [Errno 2] could not open port /dev/serial/by-id/usb-1a86_USB_Serial-if00-port0: [Errno 2] No such file or directory: '/dev/serial/by-id/usb-1a86_USB_Serial-if00-port0'
mcu 'mcu': Unable to open serial port: [Errno 2] could not open port /dev/serial/by-id/usb-1a86_USB_Serial-if00-port0: [Errno 2] No such file or directory: '/dev/serial/by-id/usb-1a86_USB_Serial-if00-port0'
mcu 'mcu': Unable to open serial port: [Errno 2] could not open port /dev/serial/by-id/usb-1a86_USB_Serial-if00-port0: [Errno 2] No such file or directory: '/dev/serial/by-id/usb-1a86_USB_Serial-if00-port0'
mcu 'mcu': Unable to open serial port: [Errno 2] could not open port /dev/serial/by-id/usb-1a86_USB_Serial-if00-port0: [Errno 2] No such file or directory: '/dev/serial/by-id/usb-1a86_USB_Serial-if00-port0'
MCU error during connect
Traceback (most recent call last):
  File "/home/alchemist/klipper/klippy/mcu.py", line 800, in _mcu_identify
    self._serial.connect_uart(self._serialport, self._baud, rts)
  File "/home/alchemist/klipper/klippy/serialhdl.py", line 182, in connect_uart
    self._error("Unable to connect")
  File "/home/alchemist/klipper/klippy/serialhdl.py", line 61, in _error
    raise error(self.warn_prefix + (msg % params))
serialhdl.error: mcu 'mcu': Unable to connect

During handling of the above exception, another exception occurred:

Traceback (most recent call last):
  File "/home/alchemist/klipper/klippy/klippy.py", line 176, in _connect
    self.send_event("klippy:mcu_identify")
  File "/home/alchemist/klipper/klippy/klippy.py", line 263, in send_event
    return [cb(*params) for cb in self.event_handlers.get(event, [])]
  File "/home/alchemist/klipper/klippy/klippy.py", line 263, in <listcomp>
    return [cb(*params) for cb in self.event_handlers.get(event, [])]
  File "/home/alchemist/klipper/klippy/mcu.py", line 805, in _mcu_identify
    raise error(str(e))
mcu.error: mcu 'mcu': Unable to connect
Build file /home/alchemist/klipper/klippy/../.config(2626): Wed Oct  4 23:00:35 2023
========= Last MCU build config =========
# CONFIG_LOW_LEVEL_OPTIONS is not set
# CONFIG_MACH_AVR is not set
# CONFIG_MACH_ATSAM is not set
# CONFIG_MACH_ATSAMD is not set
# CONFIG_MACH_LPC176X is not set
CONFIG_MACH_STM32=y
# CONFIG_MACH_HC32F460 is not set
# CONFIG_MACH_RP2040 is not set
# CONFIG_MACH_PRU is not set
# CONFIG_MACH_AR100 is not set
# CONFIG_MACH_LINUX is not set
# CONFIG_MACH_SIMU is not set
CONFIG_BOARD_DIRECTORY="stm32"
CONFIG_MCU="stm32f103xe"
CONFIG_CLOCK_FREQ=72000000
CONFIG_SERIAL=y
CONFIG_FLASH_SIZE=0x10000
CONFIG_FLASH_BOOT_ADDRESS=0x8000000
CONFIG_RAM_START=0x20000000
CONFIG_RAM_SIZE=0x5000
CONFIG_STACK_SIZE=512
CONFIG_FLASH_APPLICATION_ADDRESS=0x8007000
CONFIG_STM32_SELECT=y
CONFIG_MACH_STM32F103=y
# CONFIG_MACH_STM32F207 is not set
# CONFIG_MACH_STM32F401 is not set
# CONFIG_MACH_STM32F405 is not set
# CONFIG_MACH_STM32F407 is not set
# CONFIG_MACH_STM32F429 is not set
# CONFIG_MACH_STM32F446 is not set
# CONFIG_MACH_STM32F765 is not set
# CONFIG_MACH_STM32F031 is not set
# CONFIG_MACH_STM32F042 is not set
# CONFIG_MACH_STM32F070 is not set
# CONFIG_MACH_STM32F072 is not set
# CONFIG_MACH_STM32G070 is not set
# CONFIG_MACH_STM32G071 is not set
# CONFIG_MACH_STM32G0B0 is not set
# CONFIG_MACH_STM32G0B1 is not set
# CONFIG_MACH_STM32G431 is not set
# CONFIG_MACH_STM32H723 is not set
# CONFIG_MACH_STM32H743 is not set
# CONFIG_MACH_STM32H750 is not set
# CONFIG_MACH_STM32L412 is not set
# CONFIG_MACH_N32G452 is not set
# CONFIG_MACH_N32G455 is not set
CONFIG_MACH_STM32F1=y
CONFIG_HAVE_STM32_USBFS=y
CONFIG_HAVE_STM32_CANBUS=y
CONFIG_STM32_DFU_ROM_ADDRESS=0
# CONFIG_STM32_FLASH_START_2000 is not set
# CONFIG_STM32_FLASH_START_5000 is not set
CONFIG_STM32_FLASH_START_7000=y
# CONFIG_STM32_FLASH_START_8000 is not set
# CONFIG_STM32_FLASH_START_8800 is not set
# CONFIG_STM32_FLASH_START_10000 is not set
# CONFIG_STM32_FLASH_START_800 is not set
# CONFIG_STM32_FLASH_START_1000 is not set
# CONFIG_STM32_FLASH_START_4000 is not set
# CONFIG_STM32_FLASH_START_0000 is not set
CONFIG_CLOCK_REF_FREQ=8000000
CONFIG_STM32F0_TRIM=16
# CONFIG_STM32_USB_PA11_PA12 is not set
CONFIG_STM32_SERIAL_USART1=y
# CONFIG_STM32_CANBUS_PA11_PA12 is not set
# CONFIG_STM32_CANBUS_PA11_PB9 is not set
CONFIG_SERIAL_BAUD=250000
CONFIG_USB_VENDOR_ID=0x1d50
CONFIG_USB_DEVICE_ID=0x614e
CONFIG_USB_SERIAL_NUMBER="12345"
CONFIG_CANBUS_FREQUENCY=500000
CONFIG_HAVE_GPIO=y
CONFIG_HAVE_GPIO_ADC=y
CONFIG_HAVE_GPIO_SPI=y
CONFIG_HAVE_GPIO_I2C=y
CONFIG_HAVE_GPIO_HARD_PWM=y
CONFIG_HAVE_GPIO_BITBANGING=y
CONFIG_HAVE_STRICT_TIMING=y
CONFIG_HAVE_CHIPID=y
CONFIG_HAVE_STEPPER_BOTH_EDGE=y
CONFIG_HAVE_BOOTLOADER_REQUEST=y
CONFIG_INLINE_STEPPER_HACK=y
=======================
Build file /home/alchemist/klipper/klippy/../out/klipper.dict(7544): Wed Oct  4 23:01:18 2023
Last MCU build version: v0.11.0-205-g5f0d252b
Last MCU build tools: gcc: (15:8-2019-q3-1+b1) 8.3.1 20190703 (release) [gcc-8-branch revision 273027] binutils: (2.34-4+rpi1+14) 2.34
Last MCU build config: ADC_MAX=4095 BUS_PINS_i2c1=PB6,PB7 BUS_PINS_i2c1a=PB8,PB9 BUS_PINS_i2c2=PB10,PB11 BUS_PINS_spi1=PA6,PA7,PA5 BUS_PINS_spi1a=PB4,PB5,PB3 BUS_PINS_spi2=PB14,PB15,PB13 BUS_PINS_spi3=PB4,PB5,PB3 CLOCK_FREQ=72000000 MCU=stm32f103xe PWM_MAX=255 RECEIVE_WINDOW=192 RESERVE_PINS_serial=PA10,PA9 SERIAL_BAUD=250000 STATS_SUMSQ_BASE=256 STEPPER_BOTH_EDGE=1
Build file /home/alchemist/klipper/klippy/../out/klipper.elf(997332): Wed Oct  4 23:01:37 2023
webhooks client 1965907848: Disconnected
Restarting printer
Start printer at Sun Oct 29 14:41:33 2023 (1698550893.5 515.0)
===== Config file =====
[bed_mesh]
speed = 100
horizontal_move_z = 5
mesh_min = 5,5
mesh_max = 230,230
probe_count = 6,6
fade_start = 1
fade_end = 10
fade_target = 0

[safe_z_home]
home_xy_position = 117.5,117.5
z_hop = 10

[force_move]
enable_force_move = True

[gcode_macro TARE_PROBE]
gcode = 
	M104 S0
	SET_PIN PIN=probe_tare VALUE=0
	G4 P250
	SET_PIN PIN=probe_tare VALUE=1
	G4 P250
	{action_respond_info("Probe tared")}

[gcode_macro RUN_ABL]
gcode = 
	M190 S60
	G28
	M104 S0
	BED_MESH_CALIBRATE
	SAVE_CONFIG
	M140 S0
	M104 S0

[gcode_macro START_PRINT]
gcode = 
	{% set toolTemp = params.HOTEND_TEMP|int %}
	{% set bedTemp = params.BED_TEMP|int %}
	SET_GCODE_OFFSET Z=0
	{% if toolTemp >= 221 %}
	SET_GCODE_OFFSET Z=0.03
	{% endif %}
	SET_HEATER_TEMPERATURE HEATER=heater_bed TARGET={bedTemp}
	SET_HEATER_TEMPERATURE HEATER=extruder TARGET=150
	M82
	M220 S100
	M221 S100
	SET_VELOCITY_LIMIT VELOCITY=200 ACCEL=1000 ACCEL_TO_DECEL=500 SQUARE_CORNER_VELOCITY=5
	
	
	G28
	SET_HEATER_TEMPERATURE HEATER=extruder TARGET=150
	TEMPERATURE_WAIT SENSOR=heater_bed MINIMUM={bedTemp -15}
	TEMPERATURE_WAIT SENSOR=extruder MINIMUM=140
	SET_HEATER_TEMPERATURE HEATER=extruder TARGET=0
	G28	Z
	SET_HEATER_TEMPERATURE HEATER=extruder TARGET={toolTemp -70}
	
	
	G90
	G0 Z20
	G0 X0 Y0
	TEMPERATURE_WAIT SENSOR=heater_bed MINIMUM={bedTemp - 10}
	SET_HEATER_TEMPERATURE HEATER=extruder TARGET={toolTemp}
	TEMPERATURE_WAIT SENSOR=extruder MINIMUM={toolTemp - 1}
	
	
	G92 E0
	G1 Z2.0 F3000
	G1 X0 Y20 Z0.28
	G1 X0 Y200.0 Z0.28 E15
	G1 X0 Y200.0 Z0.28
	G1 X0.5 Y20 Z0.28 E30
	G92 E0
	G1 Z2.0 F3000

[gcode_macro END_PRINT]
gcode = 
	M106 S255
	G91
	G1 E-0.5 F2700
	G1 E-0.5 Z0.2 F2400
	G1 X5 Y5 F5000
	G1 Z10
	G90
	G1 X0 Y225
	TURN_OFF_HEATERS
	G91
	G4 S30
	G1 E-0.5 F2700
	G4 S30
	G1 E-0.5 F2700
	G90
	M84 X Y E
	M82
	TEMPERATURE_WAIT SENSOR=heater_bed MAXIMUM=50
	TEMPERATURE_WAIT SENSOR=extruder MAXIMUM=50
	M106 S0

[gcode_macro TIMELAPSE_TAKE_FRAME]
gcode = 
	{action_call_remote_method("timelapse_newframe")}

[gcode_macro TIMELAPSE_RENDER]
gcode = 
	{action_call_remote_method("timelapse_render")}

[gcode_macro LOAD_FILAMENT]
gcode = 
	{% set act_z = printer.toolhead.position.z|float %}
	{% if act_z < 30.0 %}
	G0 Z30
	{% endif %}
	M83
	G1 E45 F1000
	G1 E30 F300
	G1 E50 F150
	
	G1 E-0.5 F500
	
	M82

[gcode_macro UNLOAD_FILAMENT]
gcode = 
	{% set act_z = printer.toolhead.position.z|float %}
	{% if act_z < 30.0 %}
	G0 Z30
	{% endif %}
	M83
	G1 E5 F300
	G1 E-100 F1000
	M82

[gcode_macro Hotend_Cleaning]
gcode = 
	M83
	G1 E45 F1000
	G1 E30 F300
	G1 E50 F150
	G1 E-100 F1000
	M82

[gcode_macro M204]
rename_existing = M204.1
gcode = 
	{% if params.S is defined %}
	{% set s = params.S|float %}
	SET_VELOCITY_LIMIT ACCEL={s} ACCEL_TO_DECEL={s/2}
	{% endif %}

[gcode_macro M900]
gcode = 
	{% if params.K is defined %}
	{% set K = params.K|float %}
	SET_PRESSURE_ADVANCE ADVANCE={K}
	{% endif %}

[virtual_sdcard]
path = ~/printer_data/gcodes
on_error_gcode = CANCEL_PRINT

[pause_resume]

[display_status]

[respond]

[gcode_macro CANCEL_PRINT]
description = Cancel the actual running print
rename_existing = CANCEL_PRINT_BASE
gcode = 
	
	{% set client = printer['gcode_macro _CLIENT_VARIABLE']|default({}) %}
	{% set allow_park = client.park_at_cancel|default(false)|lower == 'true' %}
	{% set retract = client.cancel_retract|default(5.0)|abs %}
	
	{% set park_x = "" if (client.park_at_cancel_x|default(none) is none)
	else "X=" ~ client.park_at_cancel_x %}
	{% set park_y = "" if (client.park_at_cancel_y|default(none) is none)
	else "Y=" ~ client.park_at_cancel_y %}
	{% set custom_park = park_x|length > 0 or park_y|length > 0 %}
	
	
	{% if printer['gcode_macro PAUSE'].restore_idle_timeout > 0 %}
	SET_IDLE_TIMEOUT TIMEOUT={printer['gcode_macro PAUSE'].restore_idle_timeout}
	{% endif %}
	{% if (custom_park or not printer.pause_resume.is_paused) and allow_park %} _TOOLHEAD_PARK_PAUSE_CANCEL {park_x} {park_y} {% endif %}
	_CLIENT_RETRACT LENGTH={retract}
	TURN_OFF_HEATERS
	M106 S0
	
	SET_PAUSE_NEXT_LAYER ENABLE=0
	SET_PAUSE_AT_LAYER ENABLE=0 LAYER=0
	CANCEL_PRINT_BASE

[gcode_macro PAUSE]
description = Pause the actual running print
rename_existing = PAUSE_BASE
variable_restore_idle_timeout = 0
gcode = 
	
	{% set client = printer['gcode_macro _CLIENT_VARIABLE']|default({}) %}
	{% set idle_timeout = client.idle_timeout|default(0) %}
	{% set temp = printer[printer.toolhead.extruder].target if printer.toolhead.extruder != '' else 0%}
	{% set restore = False if printer.toolhead.extruder == ''
	else True  if params.RESTORE|default(1)|int == 1 else False %}
	
	SET_GCODE_VARIABLE MACRO=RESUME VARIABLE=last_extruder_temp VALUE="{{'restore': restore, 'temp': temp}}"
	
	{% if idle_timeout > 0 %}
	SET_GCODE_VARIABLE MACRO=PAUSE VARIABLE=restore_idle_timeout VALUE={printer.configfile.settings.idle_timeout.timeout}
	SET_IDLE_TIMEOUT TIMEOUT={idle_timeout}
	{% endif %}
	PAUSE_BASE
	_TOOLHEAD_PARK_PAUSE_CANCEL {rawparams}

[gcode_macro RESUME]
description = Resume the actual running print
rename_existing = RESUME_BASE
variable_last_extruder_temp = {'restore': False, 'temp': 0}
gcode = 
	
	{% set client = printer['gcode_macro _CLIENT_VARIABLE']|default({}) %}
	{% set velocity = printer.configfile.settings.pause_resume.recover_velocity %}
	{% set sp_move = client.speed_move|default(velocity) %}
	
	
	{% if printer['gcode_macro PAUSE'].restore_idle_timeout > 0 %}
	SET_IDLE_TIMEOUT TIMEOUT={printer['gcode_macro PAUSE'].restore_idle_timeout}
	{% endif %}
	{% if printer.idle_timeout.state|upper == "IDLE" %}
	{% if last_extruder_temp.restore %} M109 S{last_extruder_temp.temp} {% endif %}
	{% endif %}
	_CLIENT_EXTRUDE
	RESUME_BASE VELOCITY={params.VELOCITY|default(sp_move)}

[gcode_macro SET_PAUSE_NEXT_LAYER]
description = Enable a pause if the next layer is reached
gcode = 
	{% set pause_next_layer = printer['gcode_macro SET_PRINT_STATS_INFO'].pause_next_layer %}
	{% set ENABLE = params.ENABLE|default(1)|int != 0 %}
	{% set MACRO = params.MACRO|default(pause_next_layer.call, True) %}
	SET_GCODE_VARIABLE MACRO=SET_PRINT_STATS_INFO VARIABLE=pause_next_layer VALUE="{{ 'enable': ENABLE, 'call': MACRO }}"

[gcode_macro SET_PAUSE_AT_LAYER]
description = Enable/disable a pause if a given layer number is reached
gcode = 
	{% set pause_at_layer = printer['gcode_macro SET_PRINT_STATS_INFO'].pause_at_layer %}
	{% set ENABLE = params.ENABLE|int != 0 if params.ENABLE is defined
	else params.LAYER is defined %}
	{% set LAYER = params.LAYER|default(pause_at_layer.layer)|int %}
	{% set MACRO = params.MACRO|default(pause_at_layer.call, True) %}
	SET_GCODE_VARIABLE MACRO=SET_PRINT_STATS_INFO VARIABLE=pause_at_layer VALUE="{{ 'enable': ENABLE, 'layer': LAYER, 'call': MACRO }}"

[gcode_macro SET_PRINT_STATS_INFO]
rename_existing = SET_PRINT_STATS_INFO_BASE
description = Overwrite, to get pause_next_layer and pause_at_layer feature
variable_pause_next_layer = { 'enable': False, 'call': "PAUSE" }
variable_pause_at_layer = { 'enable': False, 'layer': 0, 'call': "PAUSE" }
gcode = 
	{% if pause_next_layer.enable %}
	RESPOND TYPE=echo MSG='{"%s, forced by pause_next_layer" % pause_next_layer.call}'
	{pause_next_layer.call}
	SET_PAUSE_NEXT_LAYER ENABLE=0
	{% elif pause_at_layer.enable and params.CURRENT_LAYER is defined and params.CURRENT_LAYER|int == pause_at_layer.layer %}
	RESPOND TYPE=echo MSG='{"%s, forced by pause_at_layer [%d]" % (pause_at_layer.call, pause_at_layer.layer)}'
	{pause_at_layer.call}
	SET_PAUSE_AT_LAYER ENABLE=0
	{% endif %}
	SET_PRINT_STATS_INFO_BASE {rawparams}

[gcode_macro _TOOLHEAD_PARK_PAUSE_CANCEL]
description = Helper: park toolhead used in PAUSE and CANCEL_PRINT
gcode = 
	
	{% set client = printer['gcode_macro _CLIENT_VARIABLE']|default({}) %}
	{% set velocity = printer.configfile.settings.pause_resume.recover_velocity %}
	{% set use_custom     = client.use_custom_pos|default(false)|lower == 'true' %}
	{% set custom_park_x  = client.custom_park_x|default(0.0) %}
	{% set custom_park_y  = client.custom_park_y|default(0.0) %}
	{% set park_dz        = client.custom_park_dz|default(2.0)|abs %}
	{% set sp_hop         = client.speed_hop|default(15) * 60 %}
	{% set sp_move        = client.speed_move|default(velocity) * 60 %}
	
	{% set origin    = printer.gcode_move.homing_origin %}
	{% set act       = printer.gcode_move.gcode_position %}
	{% set max       = printer.toolhead.axis_maximum %}
	{% set cone      = printer.toolhead.cone_start_z|default(max.z) %}
	{% set round_bed = True if printer.configfile.settings.printer.kinematics is in ['delta','polar','rotary_delta','winch']
	else False %}
	
	{% set z_min = params.Z_MIN|default(0)|float %}
	{% set z_park = [[(act.z + park_dz), z_min]|max, (max.z - origin.z)]|min %}
	{% set x_park = params.X       if params.X is defined
	else custom_park_x  if use_custom
	else 0.0            if round_bed
	else (max.x - 5.0) %}
	{% set y_park = params.Y       if params.Y is defined
	else custom_park_y  if use_custom
	else (max.y - 5.0)  if round_bed and z_park < cone
	else 0.0            if round_bed
	else (max.y - 5.0) %}
	
	_CLIENT_RETRACT
	{% if "xyz" in printer.toolhead.homed_axes %}
	G90
	G1 Z{z_park} F{sp_hop}
	G1 X{x_park} Y{y_park} F{sp_move}
	{% if not printer.gcode_move.absolute_coordinates %} G91 {% endif %}
	{% else %}
	RESPOND TYPE=echo MSG='Printer not homed'
	{% endif %}

[gcode_macro _CLIENT_EXTRUDE]
description = Extrudes, if the extruder is hot enough
gcode = 
	
	{% set client = printer['gcode_macro _CLIENT_VARIABLE']|default({}) %}
	{% set use_fw_retract = (client.use_fw_retract|default(false)|lower == 'true') and (printer.firmware_retraction is defined) %}
	{% set length = params.LENGTH|default(client.unretract)|default(1.0)|float %}
	{% set speed = params.SPEED|default(client.speed_unretract)|default(35) %}
	{% set absolute_extrude = printer.gcode_move.absolute_extrude %}
	
	{% if printer.toolhead.extruder != '' %}
	{% if printer[printer.toolhead.extruder].can_extrude %}
	{% if use_fw_retract %}
	{% if length < 0 %}
	G10
	{% else %}
	G11
	{% endif %}
	{% else %}
	M83
	G1 E{length} F{(speed|float|abs) * 60}
	{% if absolute_extrude %}
	M82
	{% endif %}
	{% endif %}
	{% else %}
	RESPOND TYPE=echo MSG='Extruder not hot enough'
	{% endif %}
	{% endif %}

[gcode_macro _CLIENT_RETRACT]
description = Retracts, if the extruder is hot enough
gcode = 
	{% set client = printer['gcode_macro _CLIENT_VARIABLE']|default({}) %}
	{% set length = params.LENGTH|default(client.retract)|default(1.0)|float %}
	{% set speed = params.SPEED|default(client.speed_retract)|default(35) %}
	
	_CLIENT_EXTRUDE LENGTH=-{length|float|abs} SPEED={speed|float|abs}

[stepper_x]
step_pin = PB8
dir_pin = !PB7
enable_pin = !PC3
rotation_distance = 40
microsteps = 16
endstop_pin = PC4
position_min = -5
position_endstop = -5
position_max = 235
homing_speed = 50

[stepper_y]
step_pin = PB6
dir_pin = PB5
enable_pin = !PC3
rotation_distance = 40
microsteps = 16
endstop_pin = PC5
position_min = -2
position_endstop = -2
position_max = 235
homing_speed = 50

[stepper_z]
step_pin = PB4
dir_pin = !PB3
enable_pin = !PC3
rotation_distance = 8
microsteps = 16
endstop_pin = probe:z_virtual_endstop
position_min = -1.5
position_max = 250
homing_speed = 4
second_homing_speed = 1
homing_retract_dist = 2.0

[extruder]
max_extrude_only_distance = 1000.0
step_pin = PC2
dir_pin = !PB9
enable_pin = !PC3
microsteps = 16
rotation_distance = 33.68
nozzle_diameter = 0.400
filament_diameter = 1.750
heater_pin = PB14
sensor_type = EPCOS 100K B57560G104F
sensor_pin = PB1
min_temp = 0
max_temp = 275
control = pid
pid_kp = 27.962
pid_ki = 1.567
pid_kd = 124.781

[heater_bed]
heater_pin = PB13
sensor_type = EPCOS 100K B57560G104F
sensor_pin = PB0
min_temp = 0
max_temp = 120
control = pid
pid_kp = 73.619
pid_ki = 2.080
pid_kd = 651.529

[fan]
pin = PB15
kick_start_time = 0.5

[mcu]
serial = /dev/serial/by-id/usb-1a86_USB_Serial-if00-port0
restart_method = command

[probe]
pin = PA4
x_offset = 0.0
y_offset = 0.0
z_offset = -0.25
speed = 1
lift_speed = 5
samples_tolerance = 0.05
samples_tolerance_retries = 2
samples = 5
activate_gcode = 
	TARE_PROBE

[output_pin probe_tare]
pin = !PA5
value = 1

[output_pin probe_enable]
pin = PB2

[filament_switch_sensor filament_sensor]
pause_on_runout = true
switch_pin = ^!PA7

[output_pin LED_pin]
pin = PA6

[printer]
kinematics = cartesian
max_velocity = 350
max_accel = 500
max_accel_to_decel = 500
square_corner_velocity = 5
max_z_velocity = 5
max_z_accel = 100

[gcode_arcs]

[bed_mesh default]
version = 1
points = 
	0.075500, 0.061000, 0.070500, 0.055000, -0.016500, -0.067500
	0.115500, 0.090000, 0.081500, 0.081500, 0.044000, -0.007500
	0.118500, 0.090000, 0.069500, 0.063000, 0.020000, 0.013500
	0.173500, 0.131500, 0.109000, 0.107000, 0.083000, 0.026500
	0.208500, 0.177000, 0.155000, 0.138500, 0.101000, 0.042500
	0.163500, 0.149000, 0.152000, 0.156000, 0.108500, 0.043500
x_count = 6
y_count = 6
mesh_x_pps = 2
mesh_y_pps = 2
algo = lagrange
tension = 0.2
min_x = 5.0
max_x = 230.0
min_y = 5.0
max_y = 230.0
=======================
Extruder max_extrude_ratio=0.266081
mcu 'mcu': Starting serial connect
webhooks client 1965250016: New connection
webhooks client 1965250016: Client info {'program': 'Moonraker', 'version': 'v0.8.0-149-g3ccf02c'}
Loaded MCU 'mcu' 105 commands (v0.11.0-205-g5f0d252b / gcc: (15:8-2019-q3-1+b1) 8.3.1 20190703 (release) [gcc-8-branch revision 273027] binutils: (2.34-4+rpi1+14) 2.34)
MCU 'mcu' config: ADC_MAX=4095 BUS_PINS_i2c1=PB6,PB7 BUS_PINS_i2c1a=PB8,PB9 BUS_PINS_i2c2=PB10,PB11 BUS_PINS_spi1=PA6,PA7,PA5 BUS_PINS_spi1a=PB4,PB5,PB3 BUS_PINS_spi2=PB14,PB15,PB13 BUS_PINS_spi3=PB4,PB5,PB3 CLOCK_FREQ=72000000 MCU=stm32f103xe PWM_MAX=255 RECEIVE_WINDOW=192 RESERVE_PINS_serial=PA10,PA9 SERIAL_BAUD=250000 STATS_SUMSQ_BASE=256 STEPPER_BOTH_EDGE=1
Sending MCU 'mcu' printer configuration...
Configured MCU 'mcu' (1024 moves)
bed_mesh: generated points
Index |  Tool Adjusted  |   Probe
  0   | (5.0, 5.0)      | (5.0, 5.0)
  1   | (50.0, 5.0)     | (50.0, 5.0)
  2   | (95.0, 5.0)     | (95.0, 5.0)
  3   | (140.0, 5.0)    | (140.0, 5.0)
  4   | (185.0, 5.0)    | (185.0, 5.0)
  5   | (230.0, 5.0)    | (230.0, 5.0)
  6   | (230.0, 50.0)   | (230.0, 50.0)
  7   | (185.0, 50.0)   | (185.0, 50.0)
  8   | (140.0, 50.0)   | (140.0, 50.0)
  9   | (95.0, 50.0)    | (95.0, 50.0)
  10  | (50.0, 50.0)    | (50.0, 50.0)
  11  | (5.0, 50.0)     | (5.0, 50.0)
  12  | (5.0, 95.0)     | (5.0, 95.0)
  13  | (50.0, 95.0)    | (50.0, 95.0)
  14  | (95.0, 95.0)    | (95.0, 95.0)
  15  | (140.0, 95.0)   | (140.0, 95.0)
  16  | (185.0, 95.0)   | (185.0, 95.0)
  17  | (230.0, 95.0)   | (230.0, 95.0)
  18  | (230.0, 140.0)  | (230.0, 140.0)
  19  | (185.0, 140.0)  | (185.0, 140.0)
  20  | (140.0, 140.0)  | (140.0, 140.0)
  21  | (95.0, 140.0)   | (95.0, 140.0)
  22  | (50.0, 140.0)   | (50.0, 140.0)
  23  | (5.0, 140.0)    | (5.0, 140.0)
  24  | (5.0, 185.0)    | (5.0, 185.0)
  25  | (50.0, 185.0)   | (50.0, 185.0)
  26  | (95.0, 185.0)   | (95.0, 185.0)
  27  | (140.0, 185.0)  | (140.0, 185.0)
  28  | (185.0, 185.0)  | (185.0, 185.0)
  29  | (230.0, 185.0)  | (230.0, 185.0)
  30  | (230.0, 230.0)  | (230.0, 230.0)
  31  | (185.0, 230.0)  | (185.0, 230.0)
  32  | (140.0, 230.0)  | (140.0, 230.0)
  33  | (95.0, 230.0)   | (95.0, 230.0)
  34  | (50.0, 230.0)   | (50.0, 230.0)
  35  | (5.0, 230.0)    | (5.0, 230.0)
Starting heater checks for heater_bed
Starting heater checks for extruder
Stats 516.9: gcodein=0  mcu: mcu_awake=0.005 mcu_task_avg=0.000028 mcu_task_stddev=0.000054 bytes_write=1049 bytes_read=4095 bytes_retransmit=9 bytes_invalid=0 send_seq=122 receive_seq=122 retransmit_seq=2 srtt=0.003 rttvar=0.001 rto=0.025 ready_bytes=0 upcoming_bytes=0 freq=72048916  heater_bed: target=0 temp=0.0 pwm=0.000 sysload=0.07 cputime=4.257 memavail=179384 print_time=0.001 buffer_time=0.000 print_stall=0 extruder: target=0 temp=0.0 pwm=0.000
webhooks: registering remote method 'shutdown_machine' for connection id: 1965250016
webhooks: registering remote method 'reboot_machine' for connection id: 1965250016
webhooks: registering remote method 'pause_job_queue' for connection id: 1965250016
webhooks: registering remote method 'start_job_queue' for connection id: 1965250016
Stats 517.9: gcodein=0  mcu: mcu_awake=0.005 mcu_task_avg=0.000028 mcu_task_stddev=0.000054 bytes_write=1055 bytes_read=4111 bytes_retransmit=9 bytes_invalid=0 send_seq=123 receive_seq=123 retransmit_seq=2 srtt=0.003 rttvar=0.001 rto=0.025 ready_bytes=0 upcoming_bytes=0 freq=72014054  heater_bed: target=0 temp=0.0 pwm=0.000 sysload=0.07 cputime=4.316 memavail=179456 print_time=0.001 buffer_time=0.000 print_stall=0 extruder: target=0 temp=0.0 pwm=0.000
Stats 518.9: gcodein=0  mcu: mcu_awake=0.005 mcu_task_avg=0.000028 mcu_task_stddev=0.000054 bytes_write=1069 bytes_read=4247 bytes_retransmit=9 bytes_invalid=0 send_seq=125 receive_seq=125 retransmit_seq=2 srtt=0.003 rttvar=0.000 rto=0.025 ready_bytes=0 upcoming_bytes=0 freq=72011640  heater_bed: target=0 temp=19.7 pwm=0.000 sysload=0.07 cputime=4.346 memavail=179408 print_time=0.001 buffer_time=0.000 print_stall=0 extruder: target=0 temp=19.7 pwm=0.000
Stats 519.9: gcodein=0  mcu: mcu_awake=0.005 mcu_task_avg=0.000028 mcu_task_stddev=0.000054 bytes_write=1075 bytes_read=4368 bytes_retransmit=9 bytes_invalid=0 send_seq=126 receive_seq=126 retransmit_seq=2 srtt=0.003 rttvar=0.000 rto=0.025 ready_bytes=0 upcoming_bytes=0 freq=72007263  heater_bed: target=0 temp=19.7 pwm=0.000 sysload=0.07 cputime=4.363 memavail=179408 print_time=0.001 buffer_time=0.000 print_stall=0 extruder: target=0 temp=19.7 pwm=0.000
Stats 520.9: gcodein=0  mcu: mcu_awake=0.005 mcu_task_avg=0.000028 mcu_task_stddev=0.000054 bytes_write=1081 bytes_read=4474 bytes_retransmit=9 bytes_invalid=0 send_seq=127 receive_seq=127 retransmit_seq=2 srtt=0.003 rttvar=0.000 rto=0.025 ready_bytes=0 upcoming_bytes=0 freq=72006396  heater_bed: target=0 temp=19.7 pwm=0.000 sysload=0.07 cputime=4.383 memavail=179408 print_time=0.001 buffer_time=0.000 print_stall=0 extruder: target=0 temp=19.7 pwm=0.000
Stats 521.9: gcodein=0  mcu: mcu_awake=0.001 mcu_task_avg=0.000015 mcu_task_stddev=0.000011 bytes_write=1087 bytes_read=4608 bytes_retransmit=9 bytes_invalid=0 send_seq=128 receive_seq=128 retransmit_seq=2 srtt=0.003 rttvar=0.000 rto=0.025 ready_bytes=0 upcoming_bytes=0 freq=72005871  heater_bed: target=0 temp=19.7 pwm=0.000 sysload=0.06 cputime=4.412 memavail=179636 print_time=0.001 buffer_time=0.000 print_stall=0 extruder: target=0 temp=19.7 pwm=0.000
Stats 522.9: gcodein=0  mcu: mcu_awake=0.001 mcu_task_avg=0.000015 mcu_task_stddev=0.000011 bytes_write=1093 bytes_read=4729 bytes_retransmit=9 bytes_invalid=0 send_seq=129 receive_seq=129 retransmit_seq=2 srtt=0.003 rttvar=0.000 rto=0.025 ready_bytes=0 upcoming_bytes=0 freq=72005421  heater_bed: target=0 temp=19.7 pwm=0.000 sysload=0.06 cputime=4.430 memavail=179648 print_time=0.001 buffer_time=0.000 print_stall=0 extruder: target=0 temp=19.7 pwm=0.000
Stats 523.9: gcodein=0  mcu: mcu_awake=0.001 mcu_task_avg=0.000015 mcu_task_stddev=0.000011 bytes_write=1099 bytes_read=4835 bytes_retransmit=9 bytes_invalid=0 send_seq=130 receive_seq=130 retransmit_seq=2 srtt=0.003 rttvar=0.000 rto=0.025 ready_bytes=0 upcoming_bytes=0 freq=72005171  heater_bed: target=0 temp=19.7 pwm=0.000 sysload=0.06 cputime=4.450 memavail=179648 print_time=0.001 buffer_time=0.000 print_stall=0 extruder: target=0 temp=19.7 pwm=0.000
Stats 524.9: gcodein=0  mcu: mcu_awake=0.001 mcu_task_avg=0.000015 mcu_task_stddev=0.000011 bytes_write=1105 bytes_read=4956 bytes_retransmit=9 bytes_invalid=0 send_seq=131 receive_seq=131 retransmit_seq=2 srtt=0.003 rttvar=0.000 rto=0.025 ready_bytes=0 upcoming_bytes=0 freq=72005108  heater_bed: target=0 temp=19.7 pwm=0.000 sysload=0.06 cputime=4.470 memavail=179648 print_time=0.001 buffer_time=0.000 print_stall=0 extruder: target=0 temp=19.7 pwm=0.000
Stats 525.9: gcodein=0  mcu: mcu_awake=0.001 mcu_task_avg=0.000015 mcu_task_stddev=0.000011 bytes_write=1111 bytes_read=5077 bytes_retransmit=9 bytes_invalid=0 send_seq=132 receive_seq=132 retransmit_seq=2 srtt=0.003 rttvar=0.000 rto=0.025 ready_bytes=0 upcoming_bytes=0 freq=72005023  heater_bed: target=0 temp=19.7 pwm=0.000 sysload=0.06 cputime=4.490 memavail=179648 print_time=0.001 buffer_time=0.000 print_stall=0 extruder: target=0 temp=19.7 pwm=0.000
Stats 526.9: gcodein=0  mcu: mcu_awake=0.001 mcu_task_avg=0.000015 mcu_task_stddev=0.000011 bytes_write=1117 bytes_read=5183 bytes_retransmit=9 bytes_invalid=0 send_seq=133 receive_seq=133 retransmit_seq=2 srtt=0.003 rttvar=0.000 rto=0.025 ready_bytes=0 upcoming_bytes=0 freq=72004961  heater_bed: target=0 temp=19.7 pwm=0.000 sysload=0.06 cputime=4.510 memavail=179648 print_time=0.001 buffer_time=0.000 print_stall=0 extruder: target=0 temp=19.7 pwm=0.000
Stats 527.9: gcodein=0  mcu: mcu_awake=0.001 mcu_task_avg=0.000016 mcu_task_stddev=0.000009 bytes_write=1123 bytes_read=5317 bytes_retransmit=9 bytes_invalid=0 send_seq=134 receive_seq=134 retransmit_seq=2 srtt=0.003 rttvar=0.000 rto=0.025 ready_bytes=0 upcoming_bytes=0 freq=72004932  heater_bed: target=0 temp=19.7 pwm=0.000 sysload=0.06 cputime=4.530 memavail=179648 print_time=0.001 buffer_time=0.000 print_stall=0 extruder: target=0 temp=19.7 pwm=0.000
Stats 528.9: gcodein=0  mcu: mcu_awake=0.001 mcu_task_avg=0.000016 mcu_task_stddev=0.000009 bytes_write=1129 bytes_read=5438 bytes_retransmit=9 bytes_invalid=0 send_seq=135 receive_seq=135 retransmit_seq=2 srtt=0.003 rttvar=0.000 rto=0.025 ready_bytes=0 upcoming_bytes=0 freq=72004921  heater_bed: target=0 temp=19.7 pwm=0.000 sysload=0.06 cputime=4.551 memavail=178808 print_time=0.001 buffer_time=0.000 print_stall=0 extruder: target=0 temp=19.7 pwm=0.000
Stats 529.9: gcodein=0  mcu: mcu_awake=0.001 mcu_task_avg=0.000016 mcu_task_stddev=0.000009 bytes_write=1135 bytes_read=5544 bytes_retransmit=9 bytes_invalid=0 send_seq=136 receive_seq=136 retransmit_seq=2 srtt=0.003 rttvar=0.000 rto=0.025 ready_bytes=0 upcoming_bytes=0 freq=72004954  heater_bed: target=0 temp=19.7 pwm=0.000 sysload=0.06 cputime=4.571 memavail=178836 print_time=0.001 buffer_time=0.000 print_stall=0 extruder: target=0 temp=19.7 pwm=0.000
Stats 530.9: gcodein=0  mcu: mcu_awake=0.001 mcu_task_avg=0.000016 mcu_task_stddev=0.000009 bytes_write=1141 bytes_read=5665 bytes_retransmit=9 bytes_invalid=0 send_seq=137 receive_seq=137 retransmit_seq=2 srtt=0.003 rttvar=0.000 rto=0.025 ready_bytes=0 upcoming_bytes=0 freq=72004999  heater_bed: target=0 temp=19.7 pwm=0.000 sysload=0.06 cputime=4.590 memavail=178836 print_time=0.001 buffer_time=0.000 print_stall=0 extruder: target=0 temp=19.7 pwm=0.000
Stats 531.9: gcodein=0  mcu: mcu_awake=0.001 mcu_task_avg=0.000016 mcu_task_stddev=0.000009 bytes_write=1147 bytes_read=5786 bytes_retransmit=9 bytes_invalid=0 send_seq=138 receive_seq=138 retransmit_seq=2 srtt=0.003 rttvar=0.000 rto=0.025 ready_bytes=0 upcoming_bytes=0 freq=72005080  heater_bed: target=0 temp=19.7 pwm=0.000 sysload=0.05 cputime=4.607 memavail=178836 print_time=0.001 buffer_time=0.000 print_stall=0 extruder: target=0 temp=19.7 pwm=0.000
Stats 532.9: gcodein=0  mcu: mcu_awake=0.001 mcu_task_avg=0.000016 mcu_task_stddev=0.000009 bytes_write=1153 bytes_read=5905 bytes_retransmit=9 bytes_invalid=0 send_seq=139 receive_seq=139 retransmit_seq=2 srtt=0.003 rttvar=0.000 rto=0.025 ready_bytes=0 upcoming_bytes=0 freq=72005063  heater_bed: target=0 temp=19.7 pwm=0.000 sysload=0.05 cputime=4.626 memavail=178836 print_time=0.001 buffer_time=0.000 print_stall=0 extruder: target=0 temp=19.7 pwm=0.000
Stats 533.9: gcodein=0  mcu: mcu_awake=0.001 mcu_task_avg=0.000016 mcu_task_stddev=0.000009 bytes_write=1159 bytes_read=6026 bytes_retransmit=9 bytes_invalid=0 send_seq=140 receive_seq=140 retransmit_seq=2 srtt=0.003 rttvar=0.000 rto=0.025 ready_bytes=0 upcoming_bytes=0 freq=72005058  heater_bed: target=0 temp=19.7 pwm=0.000 sysload=0.05 cputime=4.644 memavail=178836 print_time=0.001 buffer_time=0.000 print_stall=0 extruder: target=0 temp=19.7 pwm=0.000
Stats 534.9: gcodein=0  mcu: mcu_awake=0.001 mcu_task_avg=0.000016 mcu_task_stddev=0.000009 bytes_write=1165 bytes_read=6147 bytes_retransmit=9 bytes_invalid=0 send_seq=141 receive_seq=141 retransmit_seq=2 srtt=0.003 rttvar=0.000 rto=0.025 ready_bytes=0 upcoming_bytes=0 freq=72005173  heater_bed: target=0 temp=19.7 pwm=0.000 sysload=0.05 cputime=4.661 memavail=178836 print_time=0.001 buffer_time=0.000 print_stall=0 extruder: target=0 temp=19.7 pwm=0.000
Stats 535.9: gcodein=0  mcu: mcu_awake=0.001 mcu_task_avg=0.000016 mcu_task_stddev=0.000009 bytes_write=1171 bytes_read=6253 bytes_retransmit=9 bytes_invalid=0 send_seq=142 receive_seq=142 retransmit_seq=2 srtt=0.003 rttvar=0.000 rto=0.025 ready_bytes=0 upcoming_bytes=0 freq=72005146  heater_bed: target=0 temp=19.7 pwm=0.000 sysload=0.05 cputime=4.680 memavail=178836 print_time=0.001 buffer_time=0.000 print_stall=0 extruder: target=0 temp=19.7 pwm=0.000
Stats 536.9: gcodein=0  mcu: mcu_awake=0.001 mcu_task_avg=0.000016 mcu_task_stddev=0.000009 bytes_write=1177 bytes_read=6374 bytes_retransmit=9 bytes_invalid=0 send_seq=143 receive_seq=143 retransmit_seq=2 srtt=0.003 rttvar=0.000 rto=0.025 ready_bytes=0 upcoming_bytes=0 freq=72005125  heater_bed: target=0 temp=19.7 pwm=0.000 sysload=0.05 cputime=4.699 memavail=178836 print_time=0.001 buffer_time=0.000 print_stall=0 extruder: target=0 temp=19.7 pwm=0.000
Stats 537.9: gcodein=0  mcu: mcu_awake=0.001 mcu_task_avg=0.000015 mcu_task_stddev=0.000009 bytes_write=1183 bytes_read=6508 bytes_retransmit=9 bytes_invalid=0 send_seq=144 receive_seq=144 retransmit_seq=2 srtt=0.003 rttvar=0.000 rto=0.025 ready_bytes=0 upcoming_bytes=0 freq=72005107  heater_bed: target=0 temp=19.7 pwm=0.000 sysload=0.05 cputime=4.718 memavail=178836 print_time=0.001 buffer_time=0.000 print_stall=0 extruder: target=0 temp=19.7 pwm=0.000
Stats 538.9: gcodein=0  mcu: mcu_awake=0.001 mcu_task_avg=0.000015 mcu_task_stddev=0.000009 bytes_write=1189 bytes_read=6614 bytes_retransmit=9 bytes_invalid=0 send_seq=145 receive_seq=145 retransmit_seq=2 srtt=0.003 rttvar=0.000 rto=0.025 ready_bytes=0 upcoming_bytes=0 freq=72005095  heater_bed: target=0 temp=19.7 pwm=0.000 sysload=0.05 cputime=4.737 memavail=177768 print_time=0.001 buffer_time=0.000 print_stall=0 extruder: target=0 temp=19.7 pwm=0.000
Stats 539.9: gcodein=0  mcu: mcu_awake=0.001 mcu_task_avg=0.000015 mcu_task_stddev=0.000009 bytes_write=1195 bytes_read=6735 bytes_retransmit=9 bytes_invalid=0 send_seq=146 receive_seq=146 retransmit_seq=2 srtt=0.003 rttvar=0.000 rto=0.025 ready_bytes=0 upcoming_bytes=0 freq=72005294  heater_bed: target=0 temp=19.7 pwm=0.000 sysload=0.05 cputime=4.756 memavail=178212 print_time=0.001 buffer_time=0.000 print_stall=0 extruder: target=0 temp=19.7 pwm=0.000
Stats 540.9: gcodein=0  mcu: mcu_awake=0.001 mcu_task_avg=0.000015 mcu_task_stddev=0.000009 bytes_write=1201 bytes_read=6856 bytes_retransmit=9 bytes_invalid=0 send_seq=147 receive_seq=147 retransmit_seq=2 srtt=0.003 rttvar=0.000 rto=0.025 ready_bytes=0 upcoming_bytes=0 freq=72005253  heater_bed: target=0 temp=19.7 pwm=0.000 sysload=0.05 cputime=4.771 memavail=179400 print_time=0.001 buffer_time=0.000 print_stall=0 extruder: target=0 temp=19.7 pwm=0.000
Stats 541.9: gcodein=0  mcu: mcu_awake=0.001 mcu_task_avg=0.000015 mcu_task_stddev=0.000009 bytes_write=1207 bytes_read=6962 bytes_retransmit=9 bytes_invalid=0 send_seq=148 receive_seq=148 retransmit_seq=2 srtt=0.003 rttvar=0.000 rto=0.025 ready_bytes=0 upcoming_bytes=0 freq=72005230  heater_bed: target=0 temp=19.7 pwm=0.000 sysload=0.04 cputime=4.789 memavail=179400 print_time=0.001 buffer_time=0.000 print_stall=0 extruder: target=0 temp=19.7 pwm=0.000
Stats 542.9: gcodein=0  mcu: mcu_awake=0.001 mcu_task_avg=0.000016 mcu_task_stddev=0.000009 bytes_write=1213 bytes_read=7096 bytes_retransmit=9 bytes_invalid=0 send_seq=149 receive_seq=149 retransmit_seq=2 srtt=0.003 rttvar=0.000 rto=0.025 ready_bytes=0 upcoming_bytes=0 freq=72005212  heater_bed: target=0 temp=19.7 pwm=0.000 sysload=0.04 cputime=4.806 memavail=179400 print_time=0.001 buffer_time=0.000 print_stall=0 extruder: target=0 temp=19.7 pwm=0.000
Stats 543.9: gcodein=0  mcu: mcu_awake=0.001 mcu_task_avg=0.000016 mcu_task_stddev=0.000009 bytes_write=1219 bytes_read=7217 bytes_retransmit=9 bytes_invalid=0 send_seq=150 receive_seq=150 retransmit_seq=2 srtt=0.003 rttvar=0.000 rto=0.025 ready_bytes=0 upcoming_bytes=0 freq=72005365  heater_bed: target=0 temp=19.7 pwm=0.000 sysload=0.04 cputime=4.827 memavail=179400 print_time=0.001 buffer_time=0.000 print_stall=0 extruder: target=0 temp=19.7 pwm=0.000
Stats 544.9: gcodein=0  mcu: mcu_awake=0.001 mcu_task_avg=0.000016 mcu_task_stddev=0.000009 bytes_write=1225 bytes_read=7323 bytes_retransmit=9 bytes_invalid=0 send_seq=151 receive_seq=151 retransmit_seq=2 srtt=0.003 rttvar=0.000 rto=0.025 ready_bytes=0 upcoming_bytes=0 freq=72005320  heater_bed: target=0 temp=19.7 pwm=0.000 sysload=0.04 cputime=4.842 memavail=179400 print_time=0.001 buffer_time=0.000 print_stall=0 extruder: target=0 temp=19.7 pwm=0.000
Stats 545.9: gcodein=0  mcu: mcu_awake=0.001 mcu_task_avg=0.000016 mcu_task_stddev=0.000009 bytes_write=1231 bytes_read=7440 bytes_retransmit=9 bytes_invalid=0 send_seq=152 receive_seq=152 retransmit_seq=2 srtt=0.003 rttvar=0.000 rto=0.025 ready_bytes=0 upcoming_bytes=0 freq=72005405  heater_bed: target=0 temp=19.7 pwm=0.000 sysload=0.04 cputime=4.862 memavail=179400 print_time=0.001 buffer_time=0.000 print_stall=0 extruder: target=0 temp=19.7 pwm=0.000
